This is pdfTeX, Version 3.14159265-2.6-1.40.20 (TeX Live 2019) (preloaded format=pdflatex 2020.4.9)  17 NOV 2021 12:30
entering extended mode
 restricted \write18 enabled.
 %&-line parsing enabled.
**titlepage.tex
(./titlepage.tex
LaTeX2e <2018-12-01>

! LaTeX Error: Environment titlepage undefined.

See the LaTeX manual or LaTeX Companion for explanation.
Type  H <return>  for immediate help.
 ...                                              
                                                  
l.2 \begin{titlepage}
                     
Your command was ignored.
Type  I <command> <return>  to replace it with another command,
or  <return>  to continue without it.


! LaTeX Error: Missing \begin{document}.

See the LaTeX manual or LaTeX Companion for explanation.
Type  H <return>  for immediate help.
 ...                                              
                                                  
l.3 	\begin{center}
                   
You're in trouble here.  Try typing  <return>  to proceed.
If that doesn't work, type  X <return>  to quit.


Overfull \hbox (20.0pt too wide) in paragraph at lines 3--3
[] 
 []

! Undefined control sequence.
l.5 		\includegraphics
                      [scale = 0.05]{../latex/images/DreamTeam.png}\\[1.5cm]
The control sequence at the end of the top line
of your error message was never \def'ed. If you have
misspelled it (e.g., `\hobx'), type `I' and the correct
spelling (e.g., `I\hbox'). Otherwise just continue,
and I'll forget about whatever was undefined.

Missing character: There is no [ in font nullfont!
Missing character: There is no s in font nullfont!
Missing character: There is no c in font nullfont!
Missing character: There is no a in font nullfont!
Missing character: There is no l in font nullfont!
Missing character: There is no e in font nullfont!
Missing character: There is no = in font nullfont!
Missing character: There is no 0 in font nullfont!
Missing character: There is no . in font nullfont!
Missing character: There is no 0 in font nullfont!
Missing character: There is no 5 in font nullfont!
Missing character: There is no ] in font nullfont!
Missing character: There is no . in font nullfont!
Missing character: There is no . in font nullfont!
Missing character: There is no / in font nullfont!
Missing character: There is no l in font nullfont!
Missing character: There is no a in font nullfont!
Missing character: There is no t in font nullfont!
Missing character: There is no e in font nullfont!
Missing character: There is no x in font nullfont!
Missing character: There is no / in font nullfont!
Missing character: There is no i in font nullfont!
Missing character: There is no m in font nullfont!
Missing character: There is no a in font nullfont!
Missing character: There is no g in font nullfont!
Missing character: There is no e in font nullfont!
Missing character: There is no s in font nullfont!
Missing character: There is no / in font nullfont!
Missing character: There is no D in font nullfont!
Missing character: There is no r in font nullfont!
Missing character: There is no e in font nullfont!
Missing character: There is no a in font nullfont!
Missing character: There is no m in font nullfont!
Missing character: There is no T in font nullfont!
Missing character: There is no e in font nullfont!
Missing character: There is no a in font nullfont!
Missing character: There is no m in font nullfont!
Missing character: There is no . in font nullfont!
Missing character: There is no p in font nullfont!
Missing character: There is no n in font nullfont!
Missing character: There is no g in font nullfont!
! Undefined control sequence.
l.6 \Huge
          \textsc{Candidatura per il capitolato 4 \doctitle{}}\\ [0.75cm]
The control sequence at the end of the top line
of your error message was never \def'ed. If you have
misspelled it (e.g., `\hobx'), type `I' and the correct
spelling (e.g., `I\hbox'). Otherwise just continue,
and I'll forget about whatever was undefined.

! Undefined control sequence.
<argument> ...atura per il capitolato 4 \doctitle 
                                                  {}
l.6 ...andidatura per il capitolato 4 \doctitle{}}
                                                  \\ [0.75cm]
The control sequence at the end of the top line
of your error message was never \def'ed. If you have
misspelled it (e.g., `\hobx'), type `I' and the correct
spelling (e.g., `I\hbox'). Otherwise just continue,
and I'll forget about whatever was undefined.


Overfull \hbox (65.08304pt too wide) in paragraph at lines 6--6
 []\OT1/cmr/m/sc/10 Candidatura 
 []


Overfull \hbox (17.17769pt too wide) in paragraph at lines 6--6
 \OT1/cmr/m/sc/10 per 
 []


Overfull \hbox (8.1555pt too wide) in paragraph at lines 6--6
 \OT1/cmr/m/sc/10 il 
 []


Overfull \hbox (24.42207pt too wide) in paragraph at lines 6--6
 \OT1/cmr/m/sc/10 capi- 
 []


Overfull \hbox (16.04434pt too wide) in paragraph at lines 6--6
 \OT1/cmr/m/sc/10 to- 
 []


Overfull \hbox (22.86653pt too wide) in paragraph at lines 6--6
 \OT1/cmr/m/sc/10 lato 
 []


Overfull \hbox (5.52773pt too wide) in paragraph at lines 6--6
 \OT1/cmr/m/sc/10 4 
 []

! Undefined control sequence.
l.7 \Large
           \textsf{A.A. 2020-2021} \\ [1cm]
The control sequence at the end of the top line
of your error message was never \def'ed. If you have
misspelled it (e.g., `\hobx'), type `I' and the correct
spelling (e.g., `I\hbox'). Otherwise just continue,
and I'll forget about whatever was undefined.


Overfull \hbox (18.88895pt too wide) in paragraph at lines 7--7
 []\OT1/cmss/m/n/10 A.A. 
 []


Overfull \hbox (23.33339pt too wide) in paragraph at lines 7--7
 \OT1/cmss/m/n/10 2020- 
 []


Overfull \hbox (20.00006pt too wide) in paragraph at lines 7--7
 \OT1/cmss/m/n/10 2021 
 []

! Undefined control sequence.
l.10 \Large
            \textsl{Componenti del gruppo:} \\[0.25cm] \textsf{xxx, matr. xx...
The control sequence at the end of the top line
of your error message was never \def'ed. If you have
misspelled it (e.g., `\hobx'), type `I' and the correct
spelling (e.g., `I\hbox'). Otherwise just continue,
and I'll forget about whatever was undefined.


Overfull \hbox (53.33347pt too wide) in paragraph at lines 10--10
 []\OT1/cmr/m/sl/10 Componenti 
 []


Overfull \hbox (12.7778pt too wide) in paragraph at lines 10--10
 \OT1/cmr/m/sl/10 del 
 []


Overfull \hbox (33.77328pt too wide) in paragraph at lines 10--10
 \OT1/cmr/m/sl/10 gruppo: 
 []


Overfull \hbox (16.61118pt too wide) in paragraph at lines 10--10
 []\OT1/cmss/m/n/10 xxx, 
 []


Overfull \hbox (22.55562pt too wide) in paragraph at lines 10--10
 \OT1/cmss/m/n/10 matr. 
 []


Overfull \hbox (13.83339pt too wide) in paragraph at lines 10--10
 \OT1/cmss/m/n/10 xxx 
 []

! Undefined control sequence.
l.11 \Large
            \textsf{xxx, matr. xxx} \\ [0.1cm]
The control sequence at the end of the top line
of your error message was never \def'ed. If you have
misspelled it (e.g., `\hobx'), type `I' and the correct
spelling (e.g., `I\hbox'). Otherwise just continue,
and I'll forget about whatever was undefined.


Overfull \hbox (16.61118pt too wide) in paragraph at lines 11--11
 []\OT1/cmss/m/n/10 xxx, 
 []


Overfull \hbox (22.55562pt too wide) in paragraph at lines 11--11
 \OT1/cmss/m/n/10 matr. 
 []


Overfull \hbox (13.83339pt too wide) in paragraph at lines 11--11
 \OT1/cmss/m/n/10 xxx 
 []

! Undefined control sequence.
l.12 \Large
            \textsf{Pavan Edoardo, matr. 1201117} \\ [0.1cm]
The control sequence at the end of the top line
of your error message was never \def'ed. If you have
misspelled it (e.g., `\hobx'), type `I' and the correct
spelling (e.g., `I\hbox'). Otherwise just continue,
and I'll forget about whatever was undefined.


Overfull \hbox (25.50006pt too wide) in paragraph at lines 12--12
 []\OT1/cmss/m/n/10 Pavan 
 []


Overfull \hbox (37.02786pt too wide) in paragraph at lines 12--12
 \OT1/cmss/m/n/10 Edoardo, 
 []


Overfull \hbox (22.55562pt too wide) in paragraph at lines 12--12
 \OT1/cmss/m/n/10 matr. 
 []


Overfull \hbox (35.0001pt too wide) in paragraph at lines 12--12
 \OT1/cmss/m/n/10 1201117 
 []

! Undefined control sequence.
l.13 \Large
            \textsf{xxx, matr. xxxx} \\ [1cm]
The control sequence at the end of the top line
of your error message was never \def'ed. If you have
misspelled it (e.g., `\hobx'), type `I' and the correct
spelling (e.g., `I\hbox'). Otherwise just continue,
and I'll forget about whatever was undefined.


Overfull \hbox (16.61118pt too wide) in paragraph at lines 13--13
 []\OT1/cmss/m/n/10 xxx, 
 []


Overfull \hbox (22.55562pt too wide) in paragraph at lines 13--13
 \OT1/cmss/m/n/10 matr. 
 []


Overfull \hbox (18.44452pt too wide) in paragraph at lines 13--13
 \OT1/cmss/m/n/10 xxxx 
 []

! Undefined control sequence.
l.15 \Large
            \textsl{Indirizzo sito web:} \\ \textsf{il sito si trova nell'ac...
The control sequence at the end of the top line
of your error message was never \def'ed. If you have
misspelled it (e.g., `\hobx'), type `I' and the correct
spelling (e.g., `I\hbox'). Otherwise just continue,
and I'll forget about whatever was undefined.


Overfull \hbox (38.0834pt too wide) in paragraph at lines 15--15
 []\OT1/cmr/m/sl/10 Indirizzo 
 []


Overfull \hbox (15.61115pt too wide) in paragraph at lines 15--15
 \OT1/cmr/m/sl/10 sito 
 []


Overfull \hbox (19.85654pt too wide) in paragraph at lines 15--15
 \OT1/cmr/m/sl/10 web: 
 []


Overfull \hbox (4.77777pt too wide) in paragraph at lines 15--15
 []\OT1/cmss/m/n/10 il 
 []


Overfull \hbox (14.83334pt too wide) in paragraph at lines 15--15
 \OT1/cmss/m/n/10 sito 
 []


Overfull \hbox (6.22221pt too wide) in paragraph at lines 15--15
 \OT1/cmss/m/n/10 si 
 []


Overfull \hbox (21.44452pt too wide) in paragraph at lines 15--15
 \OT1/cmss/m/n/10 trova 
 []


Overfull \hbox (52.58339pt too wide) in paragraph at lines 15--15
 \OT1/cmss/m/n/10 nell'account: 
 []


Overfull \hbox (31.49973pt too wide) in paragraph at lines 15--15
 \OT1/cmtt/m/n/10 epavan 
 []


Overfull \hbox (13.30559pt too wide) in paragraph at lines 15--15
 []\OT1/cmss/m/n/10 per 
 []


Overfull \hbox (4.77777pt too wide) in paragraph at lines 15--15
 \OT1/cmss/m/n/10 il 
 []


Overfull \hbox (15.80559pt too wide) in paragraph at lines 15--15
 \OT1/cmss/m/n/10 lato 
 []


Overfull \hbox (13.30557pt too wide) in paragraph at lines 15--15
 \OT1/cmss/m/n/10 ad- 
 []


Overfull \hbox (18.2778pt too wide) in paragraph at lines 15--15
 \OT1/cmss/m/n/10 min: 
 []


Overfull \hbox (120.74895pt too wide) in paragraph at lines 15--15
 \OT1/cmtt/m/n/10 epavan/admin/login.html 
 []

! Undefined control sequence.
l.16 \Large
            \textsl{Email del gruppo:}\\
The control sequence at the end of the top line
of your error message was never \def'ed. If you have
misspelled it (e.g., `\hobx'), type `I' and the correct
spelling (e.g., `I\hbox'). Otherwise just continue,
and I'll forget about whatever was undefined.


Overfull \hbox (25.69452pt too wide) in paragraph at lines 16--16
 []\OT1/cmr/m/sl/10 Email 
 []


Overfull \hbox (12.7778pt too wide) in paragraph at lines 16--16
 \OT1/cmr/m/sl/10 del 
 []


Overfull \hbox (33.77328pt too wide) in paragraph at lines 16--16
 \OT1/cmr/m/sl/10 gruppo: 
 []

! Undefined control sequence.
<recently read> \href 
                      
l.17 \textsf{\href{dreamteam_swe@gmail.com}}
                                            \\[1cm]
The control sequence at the end of the top line
of your error message was never \def'ed. If you have
misspelled it (e.g., `\hobx'), type `I' and the correct
spelling (e.g., `I\hbox'). Otherwise just continue,
and I'll forget about whatever was undefined.

! Missing $ inserted.
<inserted text> 
                $
l.17 \textsf{\href{dreamteam_swe@gmail.com}}
                                            \\[1cm]
I've inserted a begin-math/end-math symbol since I think
you left one out. Proceed, with fingers crossed.

LaTeX Font Info:    External font `cmex10' loaded for size
(Font)              <7> on input line 17.
LaTeX Font Info:    External font `cmex10' loaded for size
(Font)              <5> on input line 17.
! Extra }, or forgotten $.
<argument> \href {dreamteam_swe@gmail.com}
                                          
l.17 \textsf{\href{dreamteam_swe@gmail.com}}
                                            \\[1cm]
I've deleted a group-closing symbol because it seems to be
spurious, as in `$x}$'. But perhaps the } is legitimate and
you forgot something else, as in `\hbox{$x}'. In such cases
the way to recover is to insert both the forgotten and the
deleted material, e.g., by typing `I$}'.

! Extra }, or forgotten $.
<recently read> \egroup 
                        
l.17 \textsf{\href{dreamteam_swe@gmail.com}}
                                            \\[1cm]
I've deleted a group-closing symbol because it seems to be
spurious, as in `$x}$'. But perhaps the } is legitimate and
you forgot something else, as in `\hbox{$x}'. In such cases
the way to recover is to insert both the forgotten and the
deleted material, e.g., by typing `I$}'.


! LaTeX Error: There's no line here to end.

See the LaTeX manual or LaTeX Companion for explanation.
Type  H <return>  for immediate help.
 ...                                              
                                                  
l.17 \textsf{\href{dreamteam_swe@gmail.com}}\\
                                              [1cm]
Your command was ignored.
Type  I <command> <return>  to replace it with another command,
or  <return>  to continue without it.

! Missing $ inserted.
<inserted text> 
                $
l.17 \textsf{\href{dreamteam_swe@gmail.com}}\\
                                              [1cm]
I've inserted a begin-math/end-math symbol since I think
you left one out. Proceed, with fingers crossed.

! Missing } inserted.
<inserted text> 
                }
l.17 \textsf{\href{dreamteam_swe@gmail.com}}\\
                                              [1cm]
I've inserted something that you may have forgotten.
(See the <inserted text> above.)
With luck, this will get me unwedged. But if you
really didn't forget anything, try typing `2' now; then
my insertion and my current dilemma will both disappear.


Overfull \hbox (117.27296pt too wide) in paragraph at lines 17--17
 []\OT1/cmss/m/n/10 dreamteam$[]\OML/cmm/m/it/10 we\OT1/cmr/m/n/10 @\OML/cmm/m/
it/10 gmail:com[]$ 
 []

! Undefined control sequence.
l.19 		\includegraphics
                       [scale = 0.055]{../latex/images/logoUniPD.png}
The control sequence at the end of the top line
of your error message was never \def'ed. If you have
misspelled it (e.g., `\hobx'), type `I' and the correct
spelling (e.g., `I\hbox'). Otherwise just continue,
and I'll forget about whatever was undefined.


Overfull \hbox (22.80556pt too wide) in paragraph at lines 19--20
 []\OT1/cmss/m/n/10 [scale 
 []


Overfull \hbox (7.7778pt too wide) in paragraph at lines 19--20
 \OT1/cmss/m/n/10 = 
 []


Overfull \hbox (46.7501pt too wide) in paragraph at lines 19--20
 \OT1/cmss/m/n/10 0.055]../la- 
 []


Overfull \hbox (114.62526pt too wide) in paragraph at lines 19--20
 \OT1/cmss/m/n/10 tex/images/logoUniPD.png 
 []

! Missing } inserted.
<inserted text> 
                }
l.22 	\end{center}
                  
I've inserted something that you may have forgotten.
(See the <inserted text> above.)
With luck, this will get me unwedged. But if you
really didn't forget anything, try typing `2' now; then
my insertion and my current dilemma will both disappear.


! LaTeX Error: \begin{document} ended by \end{titlepage}.

See the LaTeX manual or LaTeX Companion for explanation.
Type  H <return>  for immediate help.
 ...                                              
                                                  
l.23 \end{titlepage}
                    
Your command was ignored.
Type  I <command> <return>  to replace it with another command,
or  <return>  to continue without it.

)
! Emergency stop.
<*> titlepage.tex
                 
*** (job aborted, no legal \end found)

 
Here is how much of TeX's memory you used:
 19 strings out of 492616
 276 string characters out of 6129482
 59219 words of memory out of 5000000
 4035 multiletter control sequences out of 15000+600000
 4767 words of font info for 18 fonts, out of 8000000 for 9000
 1141 hyphenation exceptions out of 8191
 20i,2n,13p,200b,166s stack positions out of 5000i,500n,10000p,200000b,80000s
!  ==> Fatal error occurred, no output PDF file produced!
