This is pdfTeX, Version 3.14159265-2.6-1.40.21 (TeX Live 2020/Debian) (preloaded format=pdflatex 2021.11.28)  2 DEC 2021 19:18
entering extended mode
 restricted \write18 enabled.
 file:line:error style messages enabled.
 %&-line parsing enabled.
**/home/francesco/Scrivania/UNIVERSITA/SWE/dreamteam_swe/analisi_dei_requisiti/analisi_dei_requisiti/analisi_dei_requisiti.tex
(/home/francesco/Scrivania/UNIVERSITA/SWE/dreamteam_swe/analisi_dei_requisiti/analisi_dei_requisiti/analisi_dei_requisiti.tex
LaTeX2e <2020-10-01> patch level 4
L3 programming layer <2021-01-09> xparse <2020-03-03> (/usr/share/texlive/texmf-dist/tex/latex/base/article.cls
Document Class: article 2020/04/10 v1.4m Standard LaTeX document class
(/usr/share/texlive/texmf-dist/tex/latex/base/size10.clo
File: size10.clo 2020/04/10 v1.4m Standard LaTeX file (size option)
)
\c@part=\count177
\c@section=\count178
\c@subsection=\count179
\c@subsubsection=\count180
\c@paragraph=\count181
\c@subparagraph=\count182
\c@figure=\count183
\c@table=\count184
\abovecaptionskip=\skip47
\belowcaptionskip=\skip48
\bibindent=\dimen138
) (/home/francesco/Scrivania/UNIVERSITA/SWE/dreamteam_swe/analisi_dei_requisiti/analisi_dei_requisiti/../latex/package.tex (/usr/share/texlive/texmf-dist/tex/latex/geometry/geometry.sty
Package: geometry 2020/01/02 v5.9 Page Geometry
 (/usr/share/texlive/texmf-dist/tex/latex/graphics/keyval.sty
Package: keyval 2014/10/28 v1.15 key=value parser (DPC)
\KV@toks@=\toks15
) (/usr/share/texlive/texmf-dist/tex/generic/iftex/ifvtex.sty
Package: ifvtex 2019/10/25 v1.7 ifvtex legacy package. Use iftex instead.
 (/usr/share/texlive/texmf-dist/tex/generic/iftex/iftex.sty
Package: iftex 2020/03/06 v1.0d TeX engine tests
))
\Gm@cnth=\count185
\Gm@cntv=\count186
\c@Gm@tempcnt=\count187
\Gm@bindingoffset=\dimen139
\Gm@wd@mp=\dimen140
\Gm@odd@mp=\dimen141
\Gm@even@mp=\dimen142
\Gm@layoutwidth=\dimen143
\Gm@layoutheight=\dimen144
\Gm@layouthoffset=\dimen145
\Gm@layoutvoffset=\dimen146
\Gm@dimlist=\toks16
) (/usr/share/texlive/texmf-dist/tex/generic/babel/babel.sty
Package: babel 2021/01/26 3.53 The Babel package
 (/usr/share/texlive/texmf-dist/tex/generic/babel/babel.def
File: babel.def 2021/01/26 3.53 Babel common definitions
\babel@savecnt=\count188
\U@D=\dimen147
\l@babelnohyphens=\language86
 (/usr/share/texlive/texmf-dist/tex/generic/babel/txtbabel.def)
\bbl@readstream=\read2
)
\bbl@dirlevel=\count189
 (/usr/share/texlive/texmf-dist/tex/generic/babel-italian/italian.ldf
Language: italian 2020/05/21 v.1.4.04 Italian support for the babel system
\it@lettering=\count190
\it@doublequoteactive=\count191
\it@ISOcompliance=\count192
)) (/usr/share/texlive/texmf-dist/tex/latex/etoolbox/etoolbox.sty
Package: etoolbox 2020/10/05 v2.5k e-TeX tools for LaTeX (JAW)
\etb@tempcnta=\count193
) (/usr/share/texlive/texmf-dist/tex/latex/base/inputenc.sty
Package: inputenc 2020/08/01 v1.3d Input encoding file
\inpenc@prehook=\toks17
\inpenc@posthook=\toks18
) (/usr/share/texlive/texmf-dist/tex/latex/base/fontenc.sty
Package: fontenc 2020/08/10 v2.0s Standard LaTeX package
) (/usr/share/texmf/tex/latex/tex-gyre/tgschola.sty
Package: tgschola 2009/09/27 v1.2 TeX Gyre Schola as default roman family
 (/usr/share/texlive/texmf-dist/tex/latex/kvoptions/kvoptions.sty
Package: kvoptions 2020-10-07 v3.14 Key value format for package options (HO)
 (/usr/share/texlive/texmf-dist/tex/generic/ltxcmds/ltxcmds.sty
Package: ltxcmds 2020-05-10 v1.25 LaTeX kernel commands for general use (HO)
) (/usr/share/texlive/texmf-dist/tex/generic/kvsetkeys/kvsetkeys.sty
Package: kvsetkeys 2019/12/15 v1.18 Key value parser (HO)
))) (/usr/share/texlive/texmf-dist/tex/latex/tools/tabularx.sty
Package: tabularx 2020/01/15 v2.11c `tabularx' package (DPC)
 (/usr/share/texlive/texmf-dist/tex/latex/tools/array.sty
Package: array 2020/10/01 v2.5c Tabular extension package (FMi)
\col@sep=\dimen148
\ar@mcellbox=\box47
\extrarowheight=\dimen149
\NC@list=\toks19
\extratabsurround=\skip49
\backup@length=\skip50
\ar@cellbox=\box48
)
\TX@col@width=\dimen150
\TX@old@table=\dimen151
\TX@old@col=\dimen152
\TX@target=\dimen153
\TX@delta=\dimen154
\TX@cols=\count194
\TX@ftn=\toks20
) (/usr/share/texlive/texmf-dist/tex/latex/tools/longtable.sty
Package: longtable 2020/01/07 v4.13 Multi-page Table package (DPC)
\LTleft=\skip51
\LTright=\skip52
\LTpre=\skip53
\LTpost=\skip54
\LTchunksize=\count195
\LTcapwidth=\dimen155
\LT@head=\box49
\LT@firsthead=\box50
\LT@foot=\box51
\LT@lastfoot=\box52
\LT@cols=\count196
\LT@rows=\count197
\c@LT@tables=\count198
\c@LT@chunks=\count199
\LT@p@ftn=\toks21
) (/usr/share/texlive/texmf-dist/tex/latex/hyperref/hyperref.sty
Package: hyperref 2020-05-15 v7.00e Hypertext links for LaTeX
 (/usr/share/texlive/texmf-dist/tex/generic/pdftexcmds/pdftexcmds.sty
Package: pdftexcmds 2020-06-27 v0.33 Utility functions of pdfTeX for LuaTeX (HO)
 (/usr/share/texlive/texmf-dist/tex/generic/infwarerr/infwarerr.sty
Package: infwarerr 2019/12/03 v1.5 Providing info/warning/error messages (HO)
)
Package pdftexcmds Info: \pdf@primitive is available.
Package pdftexcmds Info: \pdf@ifprimitive is available.
Package pdftexcmds Info: \pdfdraftmode found.
) (/usr/share/texlive/texmf-dist/tex/generic/kvdefinekeys/kvdefinekeys.sty
Package: kvdefinekeys 2019-12-19 v1.6 Define keys (HO)
) (/usr/share/texlive/texmf-dist/tex/generic/pdfescape/pdfescape.sty
Package: pdfescape 2019/12/09 v1.15 Implements pdfTeX's escape features (HO)
) (/usr/share/texlive/texmf-dist/tex/latex/hycolor/hycolor.sty
Package: hycolor 2020-01-27 v1.10 Color options for hyperref/bookmark (HO)
) (/usr/share/texlive/texmf-dist/tex/latex/letltxmacro/letltxmacro.sty
Package: letltxmacro 2019/12/03 v1.6 Let assignment for LaTeX macros (HO)
) (/usr/share/texlive/texmf-dist/tex/latex/auxhook/auxhook.sty
Package: auxhook 2019-12-17 v1.6 Hooks for auxiliary files (HO)
)
\@linkdim=\dimen156
\Hy@linkcounter=\count266
\Hy@pagecounter=\count267
 (/usr/share/texlive/texmf-dist/tex/latex/hyperref/pd1enc.def
File: pd1enc.def 2020-05-15 v7.00e Hyperref: PDFDocEncoding definition (HO)
Now handling font encoding PD1 ...
... no UTF-8 mapping file for font encoding PD1
) (/usr/share/texlive/texmf-dist/tex/generic/intcalc/intcalc.sty
Package: intcalc 2019/12/15 v1.3 Expandable calculations with integers (HO)
) (/usr/share/texlive/texmf-dist/tex/generic/etexcmds/etexcmds.sty
Package: etexcmds 2019/12/15 v1.7 Avoid name clashes with e-TeX commands (HO)
)
\Hy@SavedSpaceFactor=\count268
Package hyperref Info: Hyper figures OFF on input line 4464.
Package hyperref Info: Link nesting OFF on input line 4469.
Package hyperref Info: Hyper index ON on input line 4472.
Package hyperref Info: Plain pages OFF on input line 4479.
Package hyperref Info: Backreferencing OFF on input line 4484.
Package hyperref Info: Implicit mode ON; LaTeX internals redefined.
Package hyperref Info: Bookmarks ON on input line 4717.
\c@Hy@tempcnt=\count269
 (/usr/share/texlive/texmf-dist/tex/latex/url/url.sty
\Urlmuskip=\muskip16
Package: url 2013/09/16  ver 3.4  Verb mode for urls, etc.
)
LaTeX Info: Redefining \url on input line 5076.
\XeTeXLinkMargin=\dimen157
 (/usr/share/texlive/texmf-dist/tex/generic/bitset/bitset.sty
Package: bitset 2019/12/09 v1.3 Handle bit-vector datatype (HO)
 (/usr/share/texlive/texmf-dist/tex/generic/bigintcalc/bigintcalc.sty
Package: bigintcalc 2019/12/15 v1.5 Expandable calculations on big integers (HO)
))
\Fld@menulength=\count270
\Field@Width=\dimen158
\Fld@charsize=\dimen159
Package hyperref Info: Hyper figures OFF on input line 6347.
Package hyperref Info: Link nesting OFF on input line 6352.
Package hyperref Info: Hyper index ON on input line 6355.
Package hyperref Info: backreferencing OFF on input line 6362.
Package hyperref Info: Link coloring OFF on input line 6367.
Package hyperref Info: Link coloring with OCG OFF on input line 6372.
Package hyperref Info: PDF/A mode OFF on input line 6377.
LaTeX Info: Redefining \ref on input line 6417.
LaTeX Info: Redefining \pageref on input line 6421.
 (/usr/share/texlive/texmf-dist/tex/latex/base/atbegshi-ltx.sty
Package: atbegshi-ltx 2020/08/17 v1.0a Emulation of the original atbegshi package
with kernel methods
)
\Hy@abspage=\count271
\c@Item=\count272
\c@Hfootnote=\count273
)
Package hyperref Info: Driver (autodetected): hpdftex.
 (/usr/share/texlive/texmf-dist/tex/latex/hyperref/hpdftex.def
File: hpdftex.def 2020-05-15 v7.00e Hyperref driver for pdfTeX
 (/usr/share/texlive/texmf-dist/tex/latex/base/atveryend-ltx.sty
Package: atveryend-ltx 2020/08/19 v1.0a Emulation of the original atvery package
with kernel methods
)
\Fld@listcount=\count274
\c@bookmark@seq@number=\count275
 (/usr/share/texlive/texmf-dist/tex/latex/rerunfilecheck/rerunfilecheck.sty
Package: rerunfilecheck 2019/12/05 v1.9 Rerun checks for auxiliary files (HO)
 (/usr/share/texlive/texmf-dist/tex/generic/uniquecounter/uniquecounter.sty
Package: uniquecounter 2019/12/15 v1.4 Provide unlimited unique counter (HO)
)
Package uniquecounter Info: New unique counter `rerunfilecheck' on input line 286.
)
\Hy@SectionHShift=\skip55
) (/usr/share/texlive/texmf-dist/tex/latex/enumitem/enumitem.sty
Package: enumitem 2019/06/20 v3.9 Customized lists
\labelindent=\skip56
\enit@outerparindent=\dimen160
\enit@toks=\toks22
\enit@inbox=\box53
\enit@count@id=\count276
\enitdp@description=\count277
)
Package hyperref Info: Option `colorlinks' set `true' on input line 18.
 (/usr/share/texlive/texmf-dist/tex/latex/chngcntr/chngcntr.sty
Package: chngcntr 2018/04/09 v1.1a change counter resetting
) (/usr/share/texlive/texmf-dist/tex/latex/footmisc/footmisc.sty
Package: footmisc 2011/06/06 v5.5b a miscellany of footnote facilities
\FN@temptoken=\toks23
\footnotemargin=\dimen161
\c@pp@next@reset=\count278
Package footmisc Info: Declaring symbol style bringhurst on input line 855.
Package footmisc Info: Declaring symbol style chicago on input line 863.
Package footmisc Info: Declaring symbol style wiley on input line 872.
Package footmisc Info: Declaring symbol style lamport-robust on input line 883.
Package footmisc Info: Declaring symbol style lamport* on input line 903.
Package footmisc Info: Declaring symbol style lamport*-robust on input line 924.
) (/usr/share/texlive/texmf-dist/tex/latex/fancyhdr/fancyhdr.sty
Package: fancyhdr 2021/01/04 v4.0 Extensive control of page headers and footers
\f@nch@headwidth=\skip57
\f@nch@O@elh=\skip58
\f@nch@O@erh=\skip59
\f@nch@O@olh=\skip60
\f@nch@O@orh=\skip61
\f@nch@O@elf=\skip62
\f@nch@O@erf=\skip63
\f@nch@O@olf=\skip64
\f@nch@O@orf=\skip65
) (/usr/share/texlive/texmf-dist/tex/latex/amsmath/amsmath.sty
Package: amsmath 2020/09/23 v2.17i AMS math features
\@mathmargin=\skip66

For additional information on amsmath, use the `?' option.
(/usr/share/texlive/texmf-dist/tex/latex/amsmath/amstext.sty
Package: amstext 2000/06/29 v2.01 AMS text
 (/usr/share/texlive/texmf-dist/tex/latex/amsmath/amsgen.sty
File: amsgen.sty 1999/11/30 v2.0 generic functions
\@emptytoks=\toks24
\ex@=\dimen162
)) (/usr/share/texlive/texmf-dist/tex/latex/amsmath/amsbsy.sty
Package: amsbsy 1999/11/29 v1.2d Bold Symbols
\pmbraise@=\dimen163
) (/usr/share/texlive/texmf-dist/tex/latex/amsmath/amsopn.sty
Package: amsopn 2016/03/08 v2.02 operator names
)
\inf@bad=\count279
LaTeX Info: Redefining \frac on input line 234.
\uproot@=\count280
\leftroot@=\count281
LaTeX Info: Redefining \overline on input line 399.
\classnum@=\count282
\DOTSCASE@=\count283
LaTeX Info: Redefining \ldots on input line 496.
LaTeX Info: Redefining \dots on input line 499.
LaTeX Info: Redefining \cdots on input line 620.
\Mathstrutbox@=\box54
\strutbox@=\box55
\big@size=\dimen164
LaTeX Font Info:    Redeclaring font encoding OML on input line 743.
LaTeX Font Info:    Redeclaring font encoding OMS on input line 744.
\macc@depth=\count284
\c@MaxMatrixCols=\count285
\dotsspace@=\muskip17
\c@parentequation=\count286
\dspbrk@lvl=\count287
\tag@help=\toks25
\row@=\count288
\column@=\count289
\maxfields@=\count290
\andhelp@=\toks26
\eqnshift@=\dimen165
\alignsep@=\dimen166
\tagshift@=\dimen167
\tagwidth@=\dimen168
\totwidth@=\dimen169
\lineht@=\dimen170
\@envbody=\toks27
\multlinegap=\skip67
\multlinetaggap=\skip68
\mathdisplay@stack=\toks28
LaTeX Info: Redefining \[ on input line 2923.
LaTeX Info: Redefining \] on input line 2924.
) (/usr/share/texlive/texmf-dist/tex/latex/amsfonts/amssymb.sty
Package: amssymb 2013/01/14 v3.01 AMS font symbols
 (/usr/share/texlive/texmf-dist/tex/latex/amsfonts/amsfonts.sty
Package: amsfonts 2013/01/14 v3.01 Basic AMSFonts support
\symAMSa=\mathgroup4
\symAMSb=\mathgroup5
LaTeX Font Info:    Redeclaring math symbol \hbar on input line 98.
LaTeX Font Info:    Overwriting math alphabet `\mathfrak' in version `bold'
(Font)                  U/euf/m/n --> U/euf/b/n on input line 106.
)) (/usr/share/texlive/texmf-dist/tex/latex/graphics/graphicx.sty
Package: graphicx 2020/09/09 v1.2b Enhanced LaTeX Graphics (DPC,SPQR)
 (/usr/share/texlive/texmf-dist/tex/latex/graphics/graphics.sty
Package: graphics 2020/08/30 v1.4c Standard LaTeX Graphics (DPC,SPQR)
 (/usr/share/texlive/texmf-dist/tex/latex/graphics/trig.sty
Package: trig 2016/01/03 v1.10 sin cos tan (DPC)
) (/usr/share/texlive/texmf-dist/tex/latex/graphics-cfg/graphics.cfg
File: graphics.cfg 2016/06/04 v1.11 sample graphics configuration
)
Package graphics Info: Driver file: pdftex.def on input line 105.
 (/usr/share/texlive/texmf-dist/tex/latex/graphics-def/pdftex.def
File: pdftex.def 2020/10/05 v1.2a Graphics/color driver for pdftex
))
\Gin@req@height=\dimen171
\Gin@req@width=\dimen172
) (/usr/share/texlive/texmf-dist/tex/latex/listings/listings.sty
\lst@mode=\count291
\lst@gtempboxa=\box56
\lst@token=\toks29
\lst@length=\count292
\lst@currlwidth=\dimen173
\lst@column=\count293
\lst@pos=\count294
\lst@lostspace=\dimen174
\lst@width=\dimen175
\lst@newlines=\count295
\lst@lineno=\count296
\lst@maxwidth=\dimen176
 (/usr/share/texlive/texmf-dist/tex/latex/listings/lstmisc.sty
File: lstmisc.sty 2020/03/24 1.8d (Carsten Heinz)
\c@lstnumber=\count297
\lst@skipnumbers=\count298
\lst@framebox=\box57
) (/usr/share/texlive/texmf-dist/tex/latex/listings/listings.cfg
File: listings.cfg 2020/03/24 1.8d listings configuration
))
Package: listings 2020/03/24 1.8d (Carsten Heinz)
 (/usr/share/texlive/texmf-dist/tex/latex/base/ifthen.sty
Package: ifthen 2014/09/29 v1.1c Standard LaTeX ifthen package (DPC)
) (/usr/share/texlive/texmf-dist/tex/latex/layouts/layouts.sty
Package: layouts 2009/09/02 v2.6d graphical depiction of document elements
\l@ylen=\skip69
\layoutsbox=\box58
\l@youtunitlength=\skip70
\l@youtlinethick=\skip71
\l@youtlinethickii=\skip72
\l@ysetupparskip=\skip73
\l@ysetupbaselineskip=\skip74
\l@yonem=\skip75
\l@yonex=\skip76
\l@ylmarg=\skip77
\l@yrmarg=\skip78
\l@yitmindent=\skip79
\l@ylblwidth=\skip80
\l@ylblsep=\skip81
\l@ylparindent=\skip82
\l@ytsep=\skip83
\l@ypskip=\skip84
\l@yptsep=\skip85
\l@ypsep=\skip86
\l@yitmsep=\skip87
\l@ytok=\toks30
\l@youtpw=\count299
\l@youtph=\count300
\l@youthpi=\count301
\l@youthpii=\count302
\l@youthpiii=\count303
\l@youthpiv=\count304
\l@youthpv=\count305
\l@youthpvi=\count306
\l@youthpvii=\count307
\l@youtparskip=\count308
\l@youtvpi=\count309
\l@youtvpii=\count310
\l@youtvpiii=\count311
\l@youtvpiv=\count312
\l@youtvpv=\count313
\l@youtvpvi=\count314
\l@youtvpvii=\count315
\l@youthdo=\count316
\l@youthdi=\count317
\l@youthdii=\count318
\l@youthdiii=\count319
\l@youthdiv=\count320
\l@youthdv=\count321
\l@youthdvi=\count322
\l@youthdvii=\count323
\l@youtvdo=\count324
\l@youtvdi=\count325
\l@youtvdii=\count326
\l@youtvdiii=\count327
\l@youtvdiv=\count328
\l@youtvdv=\count329
\l@youtvdvi=\count330
\l@youtvdvii=\count331
\l@youtvdviii=\count332
\l@youtxci=\count333
\l@youtxcii=\count334
\l@youtxciii=\count335
\l@youtxciv=\count336
\l@youtxcv=\count337
\l@youtxcvi=\count338
\l@youtyci=\count339
\l@youtycii=\count340
\l@youtyciii=\count341
\l@youtyciv=\count342
\l@youtycv=\count343
\l@youtycvi=\count344
\l@youtycvii=\count345
\l@youtycviii=\count346
\l@youtxco=\count347
\l@youtyco=\count348
\l@ytempdima=\skip88
\stockwidth=\skip89
\stockheight=\skip90
\trimedge=\skip91
\trimtop=\skip92
\uppermargin=\skip93
\spinemargin=\skip94
) (/usr/share/texlive/texmf-dist/tex/latex/comment/comment.sty
\CommentStream=\write3
 Excluding comment 'comment') (/usr/share/texlive/texmf-dist/tex/latex/float/float.sty
Package: float 2001/11/08 v1.3d Float enhancements (AL)
\c@float@type=\count349
\float@exts=\toks31
\float@box=\box59
\@float@everytoks=\toks32
\@floatcapt=\box60
) (/usr/share/texlive/texmf-dist/tex/latex/eurosym/eurosym.sty
Package: eurosym 1998/08/06 v1.1 European currency symbol ``Euro''
\@eurobox=\box61
) (/usr/share/texlive/texmf-dist/tex/latex/lastpage/lastpage.sty
Package: lastpage 2015/03/29 v1.2m Refers to last page's name (HMM; JPG)
) (/usr/share/texlive/texmf-dist/tex/latex/multirow/multirow.sty
Package: multirow 2021/01/29 v2.7 Span multiple rows of a table
\multirow@colwidth=\skip95
\multirow@cntb=\count350
\multirow@dima=\skip96
\bigstrutjot=\dimen177
) (/usr/share/texlive/texmf-dist/tex/latex/xcolor/xcolor.sty
Package: xcolor 2016/05/11 v2.12 LaTeX color extensions (UK)
 (/usr/share/texlive/texmf-dist/tex/latex/graphics-cfg/color.cfg
File: color.cfg 2016/01/02 v1.6 sample color configuration
)
Package xcolor Info: Driver file: pdftex.def on input line 225.
 (/usr/share/texlive/texmf-dist/tex/latex/colortbl/colortbl.sty
Package: colortbl 2020/01/04 v1.0e Color table columns (DPC)
\everycr=\toks33
\minrowclearance=\skip97
)
\rownum=\count351
Package xcolor Info: Model `cmy' substituted by `cmy0' on input line 1348.
Package xcolor Info: Model `hsb' substituted by `rgb' on input line 1352.
Package xcolor Info: Model `RGB' extended on input line 1364.
Package xcolor Info: Model `HTML' substituted by `rgb' on input line 1366.
Package xcolor Info: Model `Hsb' substituted by `hsb' on input line 1367.
Package xcolor Info: Model `tHsb' substituted by `hsb' on input line 1368.
Package xcolor Info: Model `HSB' substituted by `hsb' on input line 1369.
Package xcolor Info: Model `Gray' substituted by `gray' on input line 1370.
Package xcolor Info: Model `wave' substituted by `hsb' on input line 1371.
)) (/home/francesco/Scrivania/UNIVERSITA/SWE/dreamteam_swe/analisi_dei_requisiti/analisi_dei_requisiti/config/titlepage_input.tex)
\@indexfile=\write4
\openout4 = `analisi_dei_requisiti.idx'.


Writing index file analisi_dei_requisiti.idx
LaTeX Font Info:    Trying to load font information for T1+qcs on input line 9.
(/usr/share/texmf/tex/latex/tex-gyre/t1qcs.fd
File: t1qcs.fd 2009/09/25 v1.2 font definition file for T1/qcs
) (/usr/share/texlive/texmf-dist/tex/latex/l3backend/l3backend-pdftex.def
File: l3backend-pdftex.def 2020-01-29 L3 backend support: PDF output (pdfTeX)
\l__color_backend_stack_int=\count352
\l__pdf_internal_box=\box62
) (/home/francesco/Scrivania/UNIVERSITA/SWE/dreamteam_swe/analisi_dei_requisiti/analisi_dei_requisiti/analisi_dei_requisiti.aux)
\openout1 = `analisi_dei_requisiti.aux'.

LaTeX Font Info:    Checking defaults for OML/cmm/m/it on input line 9.
LaTeX Font Info:    ... okay on input line 9.
LaTeX Font Info:    Checking defaults for OMS/cmsy/m/n on input line 9.
LaTeX Font Info:    ... okay on input line 9.
LaTeX Font Info:    Checking defaults for OT1/cmr/m/n on input line 9.
LaTeX Font Info:    ... okay on input line 9.
LaTeX Font Info:    Checking defaults for T1/cmr/m/n on input line 9.
LaTeX Font Info:    ... okay on input line 9.
LaTeX Font Info:    Checking defaults for TS1/cmr/m/n on input line 9.
LaTeX Font Info:    ... okay on input line 9.
LaTeX Font Info:    Checking defaults for OMX/cmex/m/n on input line 9.
LaTeX Font Info:    ... okay on input line 9.
LaTeX Font Info:    Checking defaults for U/cmr/m/n on input line 9.
LaTeX Font Info:    ... okay on input line 9.
LaTeX Font Info:    Checking defaults for PD1/pdf/m/n on input line 9.
LaTeX Font Info:    ... okay on input line 9.

*geometry* driver: auto-detecting
*geometry* detected driver: pdftex
*geometry* verbose mode - [ preamble ] result:
* driver: pdftex
* paper: a4paper
* layout: <same size as paper>
* layoutoffset:(h,v)=(0.0pt,0.0pt)
* modes: 
* h-part:(L,W,R)=(89.62709pt, 418.25368pt, 89.6271pt)
* v-part:(T,H,B)=(101.40665pt, 591.5302pt, 152.11pt)
* \paperwidth=597.50787pt
* \paperheight=845.04684pt
* \textwidth=418.25368pt
* \textheight=591.5302pt
* \oddsidemargin=17.3571pt
* \evensidemargin=17.3571pt
* \topmargin=-7.86334pt
* \headheight=35.0pt
* \headsep=25.0pt
* \topskip=10.0pt
* \footskip=30.0pt
* \marginparwidth=57.0pt
* \marginparsep=11.0pt
* \columnsep=10.0pt
* \skip\footins=9.0pt plus 4.0pt minus 2.0pt
* \hoffset=0.0pt
* \voffset=0.0pt
* \mag=1000
* \@twocolumnfalse
* \@twosidefalse
* \@mparswitchfalse
* \@reversemarginfalse
* (1in=72.27pt=25.4mm, 1cm=28.453pt)

LaTeX Info: Redefining \it@ocap on input line 9.
LaTeX Info: Redefining \it@ccap on input line 9.

Package hyperref Warning: Height of page (\stockheight) is invalid (0.0pt),
(hyperref)                using 11in.

Package hyperref Info: Link coloring ON on input line 9.
(/usr/share/texlive/texmf-dist/tex/latex/hyperref/nameref.sty
Package: nameref 2019/09/16 v2.46 Cross-referencing by name of section
 (/usr/share/texlive/texmf-dist/tex/latex/refcount/refcount.sty
Package: refcount 2019/12/15 v3.6 Data extraction from label references (HO)
) (/usr/share/texlive/texmf-dist/tex/generic/gettitlestring/gettitlestring.sty
Package: gettitlestring 2019/12/15 v1.6 Cleanup title references (HO)
)
\c@section@level=\count353
)
LaTeX Info: Redefining \ref on input line 9.
LaTeX Info: Redefining \pageref on input line 9.
LaTeX Info: Redefining \nameref on input line 9.
 (/home/francesco/Scrivania/UNIVERSITA/SWE/dreamteam_swe/analisi_dei_requisiti/analisi_dei_requisiti/analisi_dei_requisiti.out) (/home/francesco/Scrivania/UNIVERSITA/SWE/dreamteam_swe/analisi_dei_requisiti/analisi_dei_requisiti/analisi_dei_requisiti.out)
\@outlinefile=\write5
\openout5 = `analisi_dei_requisiti.out'.

 (/usr/share/texlive/texmf-dist/tex/context/base/mkii/supp-pdf.mkii
[Loading MPS to PDF converter (version 2006.09.02).]
\scratchcounter=\count354
\scratchdimen=\dimen178
\scratchbox=\box63
\nofMPsegments=\count355
\nofMParguments=\count356
\everyMPshowfont=\toks34
\MPscratchCnt=\count357
\MPscratchDim=\dimen179
\MPnumerator=\count358
\makeMPintoPDFobject=\count359
\everyMPtoPDFconversion=\toks35
) (/usr/share/texlive/texmf-dist/tex/latex/epstopdf-pkg/epstopdf-base.sty
Package: epstopdf-base 2020-01-24 v2.11 Base part for package epstopdf
Package epstopdf-base Info: Redefining graphics rule for `.eps' on input line 485.
 (/usr/share/texlive/texmf-dist/tex/latex/latexconfig/epstopdf-sys.cfg
File: epstopdf-sys.cfg 2010/07/13 v1.3 Configuration of (r)epstopdf for TeX Live
))
\c@lstlisting=\count360


Package layouts Warning: Layout scale set to 0.5 on input line 9.

Package lastpage Info: Please have a look at the pageslts package at
(lastpage)             https://www.ctan.org/pkg/pageslts
(lastpage)             ! on input line 9.
(/home/francesco/Scrivania/UNIVERSITA/SWE/dreamteam_swe/analisi_dei_requisiti/analisi_dei_requisiti/../latex/titlepage.tex
<../latex/images/DreamTeam.png, id=76, 3113.6325pt x 2297.58376pt>
File: ../latex/images/DreamTeam.png Graphic file (type png)
<use ../latex/images/DreamTeam.png>
Package pdftex.def Info: ../latex/images/DreamTeam.png  used on input line 5.
(pdftex.def)             Requested size: 155.69073pt x 114.88591pt.
LaTeX Font Info:    Trying to load font information for T1+cmss on input line 7.
 (/usr/share/texlive/texmf-dist/tex/latex/base/t1cmss.fd
File: t1cmss.fd 2019/12/16 v2.5j Standard LaTeX font definitions
)
LaTeX Font Info:    Trying to load font information for U+msa on input line 11.
 (/usr/share/texlive/texmf-dist/tex/latex/amsfonts/umsa.fd
File: umsa.fd 2013/01/14 v3.01 AMS symbols A
)
LaTeX Font Info:    Trying to load font information for U+msb on input line 11.
 (/usr/share/texlive/texmf-dist/tex/latex/amsfonts/umsb.fd
File: umsb.fd 2013/01/14 v3.01 AMS symbols B
)

LaTeX Font Warning: Font shape `T1/qcs/m/sl' in size <14.4> not available
(Font)              Font shape `T1/qcs/m/it' tried instead on input line 28.

<../latex/images/logoUniPD.png, id=79, 2309.62875pt x 1043.9pt>
File: ../latex/images/logoUniPD.png Graphic file (type png)
<use ../latex/images/logoUniPD.png>
Package pdftex.def Info: ../latex/images/logoUniPD.png  used on input line 30.
(pdftex.def)             Requested size: 127.01234pt x 57.40671pt.
[1

{/var/lib/texmf/fonts/map/pdftex/updmap/pdftex.map} </home/francesco/Scrivania/UNIVERSITA/SWE/dreamteam_swe/analisi_dei_requisiti/analisi_dei_requisiti/../latex/images/DreamTeam.png>]
File: ../latex/images/DreamTeam.png Graphic file (type png)
<use ../latex/images/DreamTeam.png>
Package pdftex.def Info: ../latex/images/DreamTeam.png  used on input line 34.
(pdftex.def)             Requested size: 62.2858pt x 45.96136pt.


Package fancyhdr Warning: \headheight is too small (35.0pt): 
(fancyhdr)                Make it at least 49.5614pt, for example:
(fancyhdr)                \setlength{\headheight}{49.5614pt}.
(fancyhdr)                You might also make \topmargin smaller to compensate:
(fancyhdr)                \addtolength{\topmargin}{-14.5614pt}.

[2 </home/francesco/Scrivania/UNIVERSITA/SWE/dreamteam_swe/analisi_dei_requisiti/analisi_dei_requisiti/../latex/images/logoUniPD.png>]) (/home/francesco/Scrivania/UNIVERSITA/SWE/dreamteam_swe/analisi_dei_requisiti/analisi_dei_requisiti/../latex/registro_modifiche.tex
Underfull \hbox (badness 10000) in paragraph at lines 1--2

 []


Overfull \hbox (3.292pt too wide) in paragraph at lines 5--5
 []|\T1/qcs/b/n/10 Versione| 
 []


Overfull \hbox (15.7005pt too wide) in paragraph at lines 7--7
 []|[]| 
 []


Overfull \hbox (15.7005pt too wide) in paragraph at lines 9--9
 []|[]| 
 []

)
File: ../latex/images/DreamTeam.png Graphic file (type png)
<use ../latex/images/DreamTeam.png>
Package pdftex.def Info: ../latex/images/DreamTeam.png  used on input line 13.
(pdftex.def)             Requested size: 62.2858pt x 45.96136pt.


Package fancyhdr Warning: \headheight is too small (35.0pt): 
(fancyhdr)                Make it at least 49.5614pt, for example:
(fancyhdr)                \setlength{\headheight}{49.5614pt}.
(fancyhdr)                You might also make \topmargin smaller to compensate:
(fancyhdr)                \addtolength{\topmargin}{-14.5614pt}.

pdfTeX warning (ext4): destination with the same identifier (name{page.1}) has been already used, duplicate ignored
<to be read again> 
                   \relax 
l.13 
      [1] (/home/francesco/Scrivania/UNIVERSITA/SWE/dreamteam_swe/analisi_dei_requisiti/analisi_dei_requisiti/analisi_dei_requisiti.toc)
\tf@toc=\write6
\openout6 = `analisi_dei_requisiti.toc'.

File: ../latex/images/DreamTeam.png Graphic file (type png)
<use ../latex/images/DreamTeam.png>
Package pdftex.def Info: ../latex/images/DreamTeam.png  used on input line 18.
(pdftex.def)             Requested size: 62.2858pt x 45.96136pt.


Package fancyhdr Warning: \headheight is too small (35.0pt): 
(fancyhdr)                Make it at least 49.5614pt, for example:
(fancyhdr)                \setlength{\headheight}{49.5614pt}.
(fancyhdr)                You might also make \topmargin smaller to compensate:
(fancyhdr)                \addtolength{\topmargin}{-14.5614pt}.

pdfTeX warning (ext4): destination with the same identifier (name{page.2}) has been already used, duplicate ignored
<to be read again> 
                   \relax 
l.18 	
       [2] (/home/francesco/Scrivania/UNIVERSITA/SWE/dreamteam_swe/analisi_dei_requisiti/analisi_dei_requisiti/res/sections/01_introduzione.tex)
File: ../latex/images/DreamTeam.png Graphic file (type png)
<use ../latex/images/DreamTeam.png>
Package pdftex.def Info: ../latex/images/DreamTeam.png  used on input line 22.
(pdftex.def)             Requested size: 62.2858pt x 45.96136pt.


Package fancyhdr Warning: \headheight is too small (35.0pt): 
(fancyhdr)                Make it at least 49.5614pt, for example:
(fancyhdr)                \setlength{\headheight}{49.5614pt}.
(fancyhdr)                You might also make \topmargin smaller to compensate:
(fancyhdr)                \addtolength{\topmargin}{-14.5614pt}.

[3] (/home/francesco/Scrivania/UNIVERSITA/SWE/dreamteam_swe/analisi_dei_requisiti/analisi_dei_requisiti/res/sections/02_descrizione_generale.tex
File: ../latex/images/DreamTeam.png Graphic file (type png)
<use ../latex/images/DreamTeam.png>
Package pdftex.def Info: ../latex/images/DreamTeam.png  used on input line 23.
(pdftex.def)             Requested size: 62.2858pt x 45.96136pt.


Package fancyhdr Warning: \headheight is too small (35.0pt): 
(fancyhdr)                Make it at least 49.5614pt, for example:
(fancyhdr)                \setlength{\headheight}{49.5614pt}.
(fancyhdr)                You might also make \topmargin smaller to compensate:
(fancyhdr)                \addtolength{\topmargin}{-14.5614pt}.

[4]
LaTeX Font Info:    Trying to load font information for TS1+qcs on input line 29.
 (/usr/share/texmf/tex/latex/tex-gyre/ts1qcs.fd
File: ts1qcs.fd 2009/09/25 v1.2 font definition file for TS1/qcs
)
File: ../latex/images/DreamTeam.png Graphic file (type png)
<use ../latex/images/DreamTeam.png>
Package pdftex.def Info: ../latex/images/DreamTeam.png  used on input line 61.
(pdftex.def)             Requested size: 62.2858pt x 45.96136pt.


Package fancyhdr Warning: \headheight is too small (35.0pt): 
(fancyhdr)                Make it at least 49.5614pt, for example:
(fancyhdr)                \setlength{\headheight}{49.5614pt}.
(fancyhdr)                You might also make \topmargin smaller to compensate:
(fancyhdr)                \addtolength{\topmargin}{-14.5614pt}.

[5])
File: ../latex/images/DreamTeam.png Graphic file (type png)
<use ../latex/images/DreamTeam.png>
Package pdftex.def Info: ../latex/images/DreamTeam.png  used on input line 24.
(pdftex.def)             Requested size: 62.2858pt x 45.96136pt.


Package fancyhdr Warning: \headheight is too small (35.0pt): 
(fancyhdr)                Make it at least 49.5614pt, for example:
(fancyhdr)                \setlength{\headheight}{49.5614pt}.
(fancyhdr)                You might also make \topmargin smaller to compensate:
(fancyhdr)                \addtolength{\topmargin}{-14.5614pt}.

[6] 
AED: lastpage setting LastPage
(/home/francesco/Scrivania/UNIVERSITA/SWE/dreamteam_swe/analisi_dei_requisiti/analisi_dei_requisiti/analisi_dei_requisiti.aux)
Package rerunfilecheck Info: File `analisi_dei_requisiti.out' has not changed.
(rerunfilecheck)             Checksum: 784E25EA24C50243B2AACD88BBA8BCEF;1292.
 ) 
Here is how much of TeX's memory you used:
 11460 strings out of 479304
 168194 string characters out of 5869778
 537860 words of memory out of 5000000
 28376 multiletter control sequences out of 15000+600000
 447252 words of font info for 51 fonts, out of 8000000 for 9000
 1141 hyphenation exceptions out of 8191
 76i,16n,77p,977b,527s stack positions out of 5000i,500n,10000p,200000b,80000s
{/usr/share/texmf/fonts/enc/dvips/tex-gyre/q-ts1.enc}{/usr/share/texmf/fonts/enc/dvips/tex-gyre/q-ec.enc}{/usr/share/texmf/fonts/enc/dvips/cm-super/cm-super-t1.enc}{/usr/share/texmf/fonts/enc/dvips/tex-gyre/q-ec-sc.enc}</usr/share/texmf/fonts/type1/public/tex-gyre/qcsb.pfb></usr/share/texmf/fonts/type1/public/tex-gyre/qcsr.pfb></usr/share/texmf/fonts/type1/public/tex-gyre/qcsri.pfb></usr/share/texmf/fonts/type1/public/cm-super/sfss1440.pfb>
Output written on /home/francesco/Scrivania/UNIVERSITA/SWE/dreamteam_swe/analisi_dei_requisiti/analisi_dei_requisiti/analisi_dei_requisiti.pdf (8 pages, 673133 bytes).
PDF statistics:
 176 PDF objects out of 1000 (max. 8388607)
 156 compressed objects within 2 object streams
 26 named destinations out of 1000 (max. 500000)
 155 words of extra memory for PDF output out of 10000 (max. 10000000)

