This is pdfTeX, Version 3.14159265-2.6-1.40.20 (TeX Live 2019) (preloaded format=pdflatex 2019.7.7)  15 MAR 2022 10:39
entering extended mode
 restricted \write18 enabled.
 %&-line parsing enabled.
**AnalisiDeiRequisiti.tex
(./AnalisiDeiRequisiti.tex
LaTeX2e <2018-12-01>
(/usr/local/texlive/2019/texmf-dist/tex/latex/base/article.cls
Document Class: article 2018/09/03 v1.4i Standard LaTeX document class
(/usr/local/texlive/2019/texmf-dist/tex/latex/base/size10.clo
File: size10.clo 2018/09/03 v1.4i Standard LaTeX file (size option)
)
\c@part=\count80
\c@section=\count81
\c@subsection=\count82
\c@subsubsection=\count83
\c@paragraph=\count84
\c@subparagraph=\count85
\c@figure=\count86
\c@table=\count87
\abovecaptionskip=\skip41
\belowcaptionskip=\skip42
\bibindent=\dimen102
)
(./Sezioni/Packages.tex
(/usr/local/texlive/2019/texmf-dist/tex/generic/babel/babel.sty
Package: babel 2019/05/04 3.31 The Babel package

(/usr/local/texlive/2019/texmf-dist/tex/generic/babel/switch.def
File: switch.def 2019/05/04 3.31 Babel switching mechanism
)
(/usr/local/texlive/2019/texmf-dist/tex/generic/babel-italian/italian.ldf
Language: italian 2019/01/05 v.1.4.01 Italian support for the babel system

(/usr/local/texlive/2019/texmf-dist/tex/generic/babel/babel.def
File: babel.def 2019/05/04 3.31 Babel common definitions
\babel@savecnt=\count88
\U@D=\dimen103

(/usr/local/texlive/2019/texmf-dist/tex/generic/babel/txtbabel.def)
\bbl@dirlevel=\count89
)
\it@lettering=\count90
\it@doublequoteactive=\count91
\it@ISOcompliance=\count92
))
(/usr/local/texlive/2019/texmf-dist/tex/latex/etoolbox/etoolbox.sty
Package: etoolbox 2018/08/19 v2.5f e-TeX tools for LaTeX (JAW)
\etb@tempcnta=\count93
)
(/usr/local/texlive/2019/texmf-dist/tex/latex/base/fontenc.sty
Package: fontenc 2018/08/11 v2.0j Standard LaTeX package

(/usr/local/texlive/2019/texmf-dist/tex/latex/base/t1enc.def
File: t1enc.def 2018/08/11 v2.0j Standard LaTeX file
LaTeX Font Info:    Redeclaring font encoding T1 on input line 48.
))
(/usr/local/texlive/2019/texmf-dist/tex/latex/base/inputenc.sty
Package: inputenc 2018/08/11 v1.3c Input encoding file
\inpenc@prehook=\toks14
\inpenc@posthook=\toks15
)
(/usr/local/texlive/2019/texmf-dist/tex/latex/graphics/graphicx.sty
Package: graphicx 2017/06/01 v1.1a Enhanced LaTeX Graphics (DPC,SPQR)

(/usr/local/texlive/2019/texmf-dist/tex/latex/graphics/keyval.sty
Package: keyval 2014/10/28 v1.15 key=value parser (DPC)
\KV@toks@=\toks16
)
(/usr/local/texlive/2019/texmf-dist/tex/latex/graphics/graphics.sty
Package: graphics 2017/06/25 v1.2c Standard LaTeX Graphics (DPC,SPQR)

(/usr/local/texlive/2019/texmf-dist/tex/latex/graphics/trig.sty
Package: trig 2016/01/03 v1.10 sin cos tan (DPC)
)
(/usr/local/texlive/2019/texmf-dist/tex/latex/graphics-cfg/graphics.cfg
File: graphics.cfg 2016/06/04 v1.11 sample graphics configuration
)
Package graphics Info: Driver file: pdftex.def on input line 99.

(/usr/local/texlive/2019/texmf-dist/tex/latex/graphics-def/pdftex.def
File: pdftex.def 2018/01/08 v1.0l Graphics/color driver for pdftex
))
\Gin@req@height=\dimen104
\Gin@req@width=\dimen105
)
(/usr/local/texlive/2019/texmf-dist/tex/latex/geometry/geometry.sty
Package: geometry 2018/04/16 v5.8 Page Geometry

(/usr/local/texlive/2019/texmf-dist/tex/generic/oberdiek/ifpdf.sty
Package: ifpdf 2018/09/07 v3.3 Provides the ifpdf switch
)
(/usr/local/texlive/2019/texmf-dist/tex/generic/oberdiek/ifvtex.sty
Package: ifvtex 2016/05/16 v1.6 Detect VTeX and its facilities (HO)
Package ifvtex Info: VTeX not detected.
)
(/usr/local/texlive/2019/texmf-dist/tex/generic/ifxetex/ifxetex.sty
Package: ifxetex 2010/09/12 v0.6 Provides ifxetex conditional
)
\Gm@cnth=\count94
\Gm@cntv=\count95
\c@Gm@tempcnt=\count96
\Gm@bindingoffset=\dimen106
\Gm@wd@mp=\dimen107
\Gm@odd@mp=\dimen108
\Gm@even@mp=\dimen109
\Gm@layoutwidth=\dimen110
\Gm@layoutheight=\dimen111
\Gm@layouthoffset=\dimen112
\Gm@layoutvoffset=\dimen113
\Gm@dimlist=\toks17
)
(/usr/local/texlive/2019/texmf-dist/tex/latex/makecell/makecell.sty
Package: makecell 2009/08/03 V0.1e Managing of Tab Column Heads and Cells

(/usr/local/texlive/2019/texmf-dist/tex/latex/tools/array.sty
Package: array 2018/12/30 v2.4k Tabular extension package (FMi)
\col@sep=\dimen114
\ar@mcellbox=\box27
\extrarowheight=\dimen115
\NC@list=\toks18
\extratabsurround=\skip43
\backup@length=\skip44
\ar@cellbox=\box28
)
\rotheadsize=\dimen116
\c@nlinenum=\count97
\TeXr@lab=\toks19
)
(/usr/local/texlive/2019/texmf-dist/tex/latex/xcolor/xcolor.sty
Package: xcolor 2016/05/11 v2.12 LaTeX color extensions (UK)

(/usr/local/texlive/2019/texmf-dist/tex/latex/graphics-cfg/color.cfg
File: color.cfg 2016/01/02 v1.6 sample color configuration
)
Package xcolor Info: Driver file: pdftex.def on input line 225.

(/usr/local/texlive/2019/texmf-dist/tex/latex/colortbl/colortbl.sty
Package: colortbl 2018/12/12 v1.0d Color table columns (DPC)
\everycr=\toks20
\minrowclearance=\skip45
)
\rownum=\count98
Package xcolor Info: Model `cmy' substituted by `cmy0' on input line 1348.
Package xcolor Info: Model `hsb' substituted by `rgb' on input line 1352.
Package xcolor Info: Model `RGB' extended on input line 1364.
Package xcolor Info: Model `HTML' substituted by `rgb' on input line 1366.
Package xcolor Info: Model `Hsb' substituted by `hsb' on input line 1367.
Package xcolor Info: Model `tHsb' substituted by `hsb' on input line 1368.
Package xcolor Info: Model `HSB' substituted by `hsb' on input line 1369.
Package xcolor Info: Model `Gray' substituted by `gray' on input line 1370.
Package xcolor Info: Model `wave' substituted by `hsb' on input line 1371.
)
(/usr/local/texlive/2019/texmf-dist/tex/latex/setspace/setspace.sty
Package: setspace 2011/12/19 v6.7a set line spacing
)
(/usr/local/texlive/2019/texmf-dist/tex/latex/tools/tabularx.sty
Package: tabularx 2016/02/03 v2.11b `tabularx' package (DPC)
\TX@col@width=\dimen117
\TX@old@table=\dimen118
\TX@old@col=\dimen119
\TX@target=\dimen120
\TX@delta=\dimen121
\TX@cols=\count99
\TX@ftn=\toks21
)
(/usr/local/texlive/2019/texmf-dist/tex/latex/hyperref/hyperref.sty
Package: hyperref 2018/11/30 v6.88e Hypertext links for LaTeX

(/usr/local/texlive/2019/texmf-dist/tex/generic/oberdiek/hobsub-hyperref.sty
Package: hobsub-hyperref 2016/05/16 v1.14 Bundle oberdiek, subset hyperref (HO)


(/usr/local/texlive/2019/texmf-dist/tex/generic/oberdiek/hobsub-generic.sty
Package: hobsub-generic 2016/05/16 v1.14 Bundle oberdiek, subset generic (HO)
Package: hobsub 2016/05/16 v1.14 Construct package bundles (HO)
Package: infwarerr 2016/05/16 v1.4 Providing info/warning/error messages (HO)
Package: ltxcmds 2016/05/16 v1.23 LaTeX kernel commands for general use (HO)
Package: ifluatex 2016/05/16 v1.4 Provides the ifluatex switch (HO)
Package ifluatex Info: LuaTeX not detected.
Package hobsub Info: Skipping package `ifvtex' (already loaded).
Package: intcalc 2016/05/16 v1.2 Expandable calculations with integers (HO)
Package hobsub Info: Skipping package `ifpdf' (already loaded).
Package: etexcmds 2016/05/16 v1.6 Avoid name clashes with e-TeX commands (HO)
Package: kvsetkeys 2016/05/16 v1.17 Key value parser (HO)
Package: kvdefinekeys 2016/05/16 v1.4 Define keys (HO)
Package: pdftexcmds 2018/09/10 v0.29 Utility functions of pdfTeX for LuaTeX (HO
)
Package pdftexcmds Info: LuaTeX not detected.
Package pdftexcmds Info: \pdf@primitive is available.
Package pdftexcmds Info: \pdf@ifprimitive is available.
Package pdftexcmds Info: \pdfdraftmode found.
Package: pdfescape 2016/05/16 v1.14 Implements pdfTeX's escape features (HO)
Package: bigintcalc 2016/05/16 v1.4 Expandable calculations on big integers (HO
)
Package: bitset 2016/05/16 v1.2 Handle bit-vector datatype (HO)
Package: uniquecounter 2016/05/16 v1.3 Provide unlimited unique counter (HO)
)
Package hobsub Info: Skipping package `hobsub' (already loaded).
Package: letltxmacro 2016/05/16 v1.5 Let assignment for LaTeX macros (HO)
Package: hopatch 2016/05/16 v1.3 Wrapper for package hooks (HO)
Package: xcolor-patch 2016/05/16 xcolor patch
Package: atveryend 2016/05/16 v1.9 Hooks at the very end of document (HO)
Package: atbegshi 2016/06/09 v1.18 At begin shipout hook (HO)
Package: refcount 2016/05/16 v3.5 Data extraction from label references (HO)
Package: hycolor 2016/05/16 v1.8 Color options for hyperref/bookmark (HO)
)
(/usr/local/texlive/2019/texmf-dist/tex/latex/oberdiek/auxhook.sty
Package: auxhook 2016/05/16 v1.4 Hooks for auxiliary files (HO)
)
(/usr/local/texlive/2019/texmf-dist/tex/latex/oberdiek/kvoptions.sty
Package: kvoptions 2016/05/16 v3.12 Key value format for package options (HO)
)
\@linkdim=\dimen122
\Hy@linkcounter=\count100
\Hy@pagecounter=\count101

(/usr/local/texlive/2019/texmf-dist/tex/latex/hyperref/pd1enc.def
File: pd1enc.def 2018/11/30 v6.88e Hyperref: PDFDocEncoding definition (HO)
Now handling font encoding PD1 ...
... no UTF-8 mapping file for font encoding PD1
)
\Hy@SavedSpaceFactor=\count102

(/usr/local/texlive/2019/texmf-dist/tex/latex/latexconfig/hyperref.cfg
File: hyperref.cfg 2002/06/06 v1.2 hyperref configuration of TeXLive
)
Package hyperref Info: Hyper figures OFF on input line 4519.
Package hyperref Info: Link nesting OFF on input line 4524.
Package hyperref Info: Hyper index ON on input line 4527.
Package hyperref Info: Plain pages OFF on input line 4534.
Package hyperref Info: Backreferencing OFF on input line 4539.
Package hyperref Info: Implicit mode ON; LaTeX internals redefined.
Package hyperref Info: Bookmarks ON on input line 4772.
\c@Hy@tempcnt=\count103

(/usr/local/texlive/2019/texmf-dist/tex/latex/url/url.sty
\Urlmuskip=\muskip10
Package: url 2013/09/16  ver 3.4  Verb mode for urls, etc.
)
LaTeX Info: Redefining \url on input line 5125.
\XeTeXLinkMargin=\dimen123
\Fld@menulength=\count104
\Field@Width=\dimen124
\Fld@charsize=\dimen125
Package hyperref Info: Hyper figures OFF on input line 6380.
Package hyperref Info: Link nesting OFF on input line 6385.
Package hyperref Info: Hyper index ON on input line 6388.
Package hyperref Info: backreferencing OFF on input line 6395.
Package hyperref Info: Link coloring OFF on input line 6400.
Package hyperref Info: Link coloring with OCG OFF on input line 6405.
Package hyperref Info: PDF/A mode OFF on input line 6410.
LaTeX Info: Redefining \ref on input line 6450.
LaTeX Info: Redefining \pageref on input line 6454.
\Hy@abspage=\count105
\c@Item=\count106
\c@Hfootnote=\count107
)
Package hyperref Info: Driver (autodetected): hpdftex.

(/usr/local/texlive/2019/texmf-dist/tex/latex/hyperref/hpdftex.def
File: hpdftex.def 2018/11/30 v6.88e Hyperref driver for pdfTeX
\Fld@listcount=\count108
\c@bookmark@seq@number=\count109

(/usr/local/texlive/2019/texmf-dist/tex/latex/oberdiek/rerunfilecheck.sty
Package: rerunfilecheck 2016/05/16 v1.8 Rerun checks for auxiliary files (HO)
Package uniquecounter Info: New unique counter `rerunfilecheck' on input line 2
82.
)
\Hy@SectionHShift=\skip46
)
(/usr/local/texlive/2019/texmf-dist/tex/latex/fancyhdr/fancyhdr.sty
Package: fancyhdr 2019/01/31 v3.10 Extensive control of page headers and footer
s
\f@nch@headwidth=\skip47
\f@nch@O@elh=\skip48
\f@nch@O@erh=\skip49
\f@nch@O@olh=\skip50
\f@nch@O@orh=\skip51
\f@nch@O@elf=\skip52
\f@nch@O@erf=\skip53
\f@nch@O@olf=\skip54
\f@nch@O@orf=\skip55
)
(./Sezioni/Command.tex)
\@indexfile=\write3
\openout3 = `AnalisiDeiRequisiti.idx'.


Writing index file AnalisiDeiRequisiti.idx
(/usr/local/texlive/2019/texmf-dist/tex/latex/tools/longtable.sty
Package: longtable 2014/10/28 v4.11 Multi-page Table package (DPC)+ FMi change
\LTleft=\skip56
\LTright=\skip57
\LTpre=\skip58
\LTpost=\skip59
\LTchunksize=\count110
\LTcapwidth=\dimen126
\LT@head=\box29
\LT@firsthead=\box30
\LT@foot=\box31
\LT@lastfoot=\box32
\LT@cols=\count111
\LT@rows=\count112
\c@LT@tables=\count113
\c@LT@chunks=\count114
\LT@p@ftn=\toks22
)
(/usr/local/texlive/2019/texmf-dist/tex/latex/tcolorbox/tcolorbox.sty
Package: tcolorbox 2019/03/02 version 4.20 text color boxes

(/usr/local/texlive/2019/texmf-dist/tex/latex/pgf/basiclayer/pgf.sty
(/usr/local/texlive/2019/texmf-dist/tex/latex/pgf/utilities/pgfrcs.sty
(/usr/local/texlive/2019/texmf-dist/tex/generic/pgf/utilities/pgfutil-common.te
x
\pgfutil@everybye=\toks23
\pgfutil@tempdima=\dimen127
\pgfutil@tempdimb=\dimen128

(/usr/local/texlive/2019/texmf-dist/tex/generic/pgf/utilities/pgfutil-common-li
sts.tex))
(/usr/local/texlive/2019/texmf-dist/tex/generic/pgf/utilities/pgfutil-latex.def
\pgfutil@abb=\box33
(/usr/local/texlive/2019/texmf-dist/tex/latex/ms/everyshi.sty
Package: everyshi 2001/05/15 v3.00 EveryShipout Package (MS)
))
(/usr/local/texlive/2019/texmf-dist/tex/generic/pgf/utilities/pgfrcs.code.tex
(/usr/local/texlive/2019/texmf-dist/tex/generic/pgf/pgf.revision.tex)
Package: pgfrcs 2019/04/04 v3.1.2 (3.1.2)
))
Package: pgf 2019/04/04 v3.1.2 (3.1.2)

(/usr/local/texlive/2019/texmf-dist/tex/latex/pgf/basiclayer/pgfcore.sty
(/usr/local/texlive/2019/texmf-dist/tex/latex/pgf/systemlayer/pgfsys.sty
(/usr/local/texlive/2019/texmf-dist/tex/generic/pgf/systemlayer/pgfsys.code.tex
Package: pgfsys 2019/04/04 v3.1.2 (3.1.2)
(/usr/local/texlive/2019/texmf-dist/tex/generic/pgf/utilities/pgfkeys.code.tex
\pgfkeys@pathtoks=\toks24
\pgfkeys@temptoks=\toks25

(/usr/local/texlive/2019/texmf-dist/tex/generic/pgf/utilities/pgfkeysfiltered.c
ode.tex
\pgfkeys@tmptoks=\toks26
))
\pgf@x=\dimen129
\pgf@y=\dimen130
\pgf@xa=\dimen131
\pgf@ya=\dimen132
\pgf@xb=\dimen133
\pgf@yb=\dimen134
\pgf@xc=\dimen135
\pgf@yc=\dimen136
\w@pgf@writea=\write4
\r@pgf@reada=\read1
\c@pgf@counta=\count115
\c@pgf@countb=\count116
\c@pgf@countc=\count117
\c@pgf@countd=\count118
\t@pgf@toka=\toks27
\t@pgf@tokb=\toks28
\t@pgf@tokc=\toks29
\pgf@sys@id@count=\count119

(/usr/local/texlive/2019/texmf-dist/tex/generic/pgf/systemlayer/pgf.cfg
File: pgf.cfg 2019/04/04 v3.1.2 (3.1.2)
)
Driver file for pgf: pgfsys-pdftex.def

(/usr/local/texlive/2019/texmf-dist/tex/generic/pgf/systemlayer/pgfsys-pdftex.d
ef
File: pgfsys-pdftex.def 2019/04/04 v3.1.2 (3.1.2)

(/usr/local/texlive/2019/texmf-dist/tex/generic/pgf/systemlayer/pgfsys-common-p
df.def
File: pgfsys-common-pdf.def 2019/04/04 v3.1.2 (3.1.2)
)))
(/usr/local/texlive/2019/texmf-dist/tex/generic/pgf/systemlayer/pgfsyssoftpath.
code.tex
File: pgfsyssoftpath.code.tex 2019/04/04 v3.1.2 (3.1.2)
\pgfsyssoftpath@smallbuffer@items=\count120
\pgfsyssoftpath@bigbuffer@items=\count121
)
(/usr/local/texlive/2019/texmf-dist/tex/generic/pgf/systemlayer/pgfsysprotocol.
code.tex
File: pgfsysprotocol.code.tex 2019/04/04 v3.1.2 (3.1.2)
))
(/usr/local/texlive/2019/texmf-dist/tex/generic/pgf/basiclayer/pgfcore.code.tex
Package: pgfcore 2019/04/04 v3.1.2 (3.1.2)
(/usr/local/texlive/2019/texmf-dist/tex/generic/pgf/math/pgfmath.code.tex
(/usr/local/texlive/2019/texmf-dist/tex/generic/pgf/math/pgfmathcalc.code.tex
(/usr/local/texlive/2019/texmf-dist/tex/generic/pgf/math/pgfmathutil.code.tex)
(/usr/local/texlive/2019/texmf-dist/tex/generic/pgf/math/pgfmathparser.code.tex
\pgfmath@dimen=\dimen137
\pgfmath@count=\count122
\pgfmath@box=\box34
\pgfmath@toks=\toks30
\pgfmath@stack@operand=\toks31
\pgfmath@stack@operation=\toks32
)
(/usr/local/texlive/2019/texmf-dist/tex/generic/pgf/math/pgfmathfunctions.code.
tex
(/usr/local/texlive/2019/texmf-dist/tex/generic/pgf/math/pgfmathfunctions.basic
.code.tex)
(/usr/local/texlive/2019/texmf-dist/tex/generic/pgf/math/pgfmathfunctions.trigo
nometric.code.tex)
(/usr/local/texlive/2019/texmf-dist/tex/generic/pgf/math/pgfmathfunctions.rando
m.code.tex)
(/usr/local/texlive/2019/texmf-dist/tex/generic/pgf/math/pgfmathfunctions.compa
rison.code.tex)
(/usr/local/texlive/2019/texmf-dist/tex/generic/pgf/math/pgfmathfunctions.base.
code.tex)
(/usr/local/texlive/2019/texmf-dist/tex/generic/pgf/math/pgfmathfunctions.round
.code.tex)
(/usr/local/texlive/2019/texmf-dist/tex/generic/pgf/math/pgfmathfunctions.misc.
code.tex)
(/usr/local/texlive/2019/texmf-dist/tex/generic/pgf/math/pgfmathfunctions.integ
erarithmetics.code.tex)))
(/usr/local/texlive/2019/texmf-dist/tex/generic/pgf/math/pgfmathfloat.code.tex
\c@pgfmathroundto@lastzeros=\count123
))
(/usr/local/texlive/2019/texmf-dist/tex/generic/pgf/basiclayer/pgfcorepoints.co
de.tex
File: pgfcorepoints.code.tex 2019/04/04 v3.1.2 (3.1.2)
\pgf@picminx=\dimen138
\pgf@picmaxx=\dimen139
\pgf@picminy=\dimen140
\pgf@picmaxy=\dimen141
\pgf@pathminx=\dimen142
\pgf@pathmaxx=\dimen143
\pgf@pathminy=\dimen144
\pgf@pathmaxy=\dimen145
\pgf@xx=\dimen146
\pgf@xy=\dimen147
\pgf@yx=\dimen148
\pgf@yy=\dimen149
\pgf@zx=\dimen150
\pgf@zy=\dimen151
)
(/usr/local/texlive/2019/texmf-dist/tex/generic/pgf/basiclayer/pgfcorepathconst
ruct.code.tex
File: pgfcorepathconstruct.code.tex 2019/04/04 v3.1.2 (3.1.2)
\pgf@path@lastx=\dimen152
\pgf@path@lasty=\dimen153
)
(/usr/local/texlive/2019/texmf-dist/tex/generic/pgf/basiclayer/pgfcorepathusage
.code.tex
File: pgfcorepathusage.code.tex 2019/04/04 v3.1.2 (3.1.2)
\pgf@shorten@end@additional=\dimen154
\pgf@shorten@start@additional=\dimen155
)
(/usr/local/texlive/2019/texmf-dist/tex/generic/pgf/basiclayer/pgfcorescopes.co
de.tex
File: pgfcorescopes.code.tex 2019/04/04 v3.1.2 (3.1.2)
\pgfpic=\box35
\pgf@hbox=\box36
\pgf@layerbox@main=\box37
\pgf@picture@serial@count=\count124
)
(/usr/local/texlive/2019/texmf-dist/tex/generic/pgf/basiclayer/pgfcoregraphicst
ate.code.tex
File: pgfcoregraphicstate.code.tex 2019/04/04 v3.1.2 (3.1.2)
\pgflinewidth=\dimen156
)
(/usr/local/texlive/2019/texmf-dist/tex/generic/pgf/basiclayer/pgfcoretransform
ations.code.tex
File: pgfcoretransformations.code.tex 2019/04/04 v3.1.2 (3.1.2)
\pgf@pt@x=\dimen157
\pgf@pt@y=\dimen158
\pgf@pt@temp=\dimen159
)
(/usr/local/texlive/2019/texmf-dist/tex/generic/pgf/basiclayer/pgfcorequick.cod
e.tex
File: pgfcorequick.code.tex 2019/04/04 v3.1.2 (3.1.2)
)
(/usr/local/texlive/2019/texmf-dist/tex/generic/pgf/basiclayer/pgfcoreobjects.c
ode.tex
File: pgfcoreobjects.code.tex 2019/04/04 v3.1.2 (3.1.2)
)
(/usr/local/texlive/2019/texmf-dist/tex/generic/pgf/basiclayer/pgfcorepathproce
ssing.code.tex
File: pgfcorepathprocessing.code.tex 2019/04/04 v3.1.2 (3.1.2)
)
(/usr/local/texlive/2019/texmf-dist/tex/generic/pgf/basiclayer/pgfcorearrows.co
de.tex
File: pgfcorearrows.code.tex 2019/04/04 v3.1.2 (3.1.2)
\pgfarrowsep=\dimen160
)
(/usr/local/texlive/2019/texmf-dist/tex/generic/pgf/basiclayer/pgfcoreshade.cod
e.tex
File: pgfcoreshade.code.tex 2019/04/04 v3.1.2 (3.1.2)
\pgf@max=\dimen161
\pgf@sys@shading@range@num=\count125
\pgf@shadingcount=\count126
)
(/usr/local/texlive/2019/texmf-dist/tex/generic/pgf/basiclayer/pgfcoreimage.cod
e.tex
File: pgfcoreimage.code.tex 2019/04/04 v3.1.2 (3.1.2)

(/usr/local/texlive/2019/texmf-dist/tex/generic/pgf/basiclayer/pgfcoreexternal.
code.tex
File: pgfcoreexternal.code.tex 2019/04/04 v3.1.2 (3.1.2)
\pgfexternal@startupbox=\box38
))
(/usr/local/texlive/2019/texmf-dist/tex/generic/pgf/basiclayer/pgfcorelayers.co
de.tex
File: pgfcorelayers.code.tex 2019/04/04 v3.1.2 (3.1.2)
)
(/usr/local/texlive/2019/texmf-dist/tex/generic/pgf/basiclayer/pgfcoretranspare
ncy.code.tex
File: pgfcoretransparency.code.tex 2019/04/04 v3.1.2 (3.1.2)
)
(/usr/local/texlive/2019/texmf-dist/tex/generic/pgf/basiclayer/pgfcorepatterns.
code.tex
File: pgfcorepatterns.code.tex 2019/04/04 v3.1.2 (3.1.2)
)
(/usr/local/texlive/2019/texmf-dist/tex/generic/pgf/basiclayer/pgfcorerdf.code.
tex
File: pgfcorerdf.code.tex 2019/04/04 v3.1.2 (3.1.2)
)))
(/usr/local/texlive/2019/texmf-dist/tex/generic/pgf/modules/pgfmoduleshapes.cod
e.tex
File: pgfmoduleshapes.code.tex 2019/04/04 v3.1.2 (3.1.2)
\pgfnodeparttextbox=\box39
)
(/usr/local/texlive/2019/texmf-dist/tex/generic/pgf/modules/pgfmoduleplot.code.
tex
File: pgfmoduleplot.code.tex 2019/04/04 v3.1.2 (3.1.2)
)
(/usr/local/texlive/2019/texmf-dist/tex/latex/pgf/compatibility/pgfcomp-version
-0-65.sty
Package: pgfcomp-version-0-65 2019/04/04 v3.1.2 (3.1.2)
\pgf@nodesepstart=\dimen162
\pgf@nodesepend=\dimen163
)
(/usr/local/texlive/2019/texmf-dist/tex/latex/pgf/compatibility/pgfcomp-version
-1-18.sty
Package: pgfcomp-version-1-18 2019/04/04 v3.1.2 (3.1.2)
)) (/usr/local/texlive/2019/texmf-dist/tex/latex/tools/verbatim.sty
Package: verbatim 2014/10/28 v1.5q LaTeX2e package for verbatim enhancements
\every@verbatim=\toks33
\verbatim@line=\toks34
\verbatim@in@stream=\read2
)
(/usr/local/texlive/2019/texmf-dist/tex/latex/environ/environ.sty
Package: environ 2014/05/04 v0.3 A new way to define environments

(/usr/local/texlive/2019/texmf-dist/tex/latex/trimspaces/trimspaces.sty
Package: trimspaces 2009/09/17 v1.1 Trim spaces around a token list
)
\@envbody=\toks35
)
\tcb@titlebox=\box40
\tcb@upperbox=\box41
\tcb@lowerbox=\box42
\tcb@phantombox=\box43
\c@tcbbreakpart=\count127
\c@tcblayer=\count128
\tcolorbox@number=\count129
\tcb@temp=\box44
\tcb@temp=\box45
\tcb@temp=\box46
\tcb@temp=\box47
\tcb@out=\write5
\tcb@record@out=\write6
))
No file AnalisiDeiRequisiti.aux.
\openout1 = `AnalisiDeiRequisiti.aux'.

LaTeX Font Info:    Checking defaults for OML/cmm/m/it on input line 4.
LaTeX Font Info:    ... okay on input line 4.
LaTeX Font Info:    Checking defaults for T1/cmr/m/n on input line 4.
LaTeX Font Info:    ... okay on input line 4.
LaTeX Font Info:    Checking defaults for OT1/cmr/m/n on input line 4.
LaTeX Font Info:    ... okay on input line 4.
LaTeX Font Info:    Checking defaults for OMS/cmsy/m/n on input line 4.
LaTeX Font Info:    ... okay on input line 4.
LaTeX Font Info:    Checking defaults for OMX/cmex/m/n on input line 4.
LaTeX Font Info:    ... okay on input line 4.
LaTeX Font Info:    Checking defaults for U/cmr/m/n on input line 4.
LaTeX Font Info:    ... okay on input line 4.
LaTeX Font Info:    Checking defaults for PD1/pdf/m/n on input line 4.
LaTeX Font Info:    ... okay on input line 4.
LaTeX Info: Redefining \it@ocap on input line 4.
LaTeX Info: Redefining \it@ccap on input line 4.
(/usr/local/texlive/2019/texmf-dist/tex/context/base/mkii/supp-pdf.mkii
[Loading MPS to PDF converter (version 2006.09.02).]
\scratchcounter=\count130
\scratchdimen=\dimen164
\scratchbox=\box48
\nofMPsegments=\count131
\nofMParguments=\count132
\everyMPshowfont=\toks36
\MPscratchCnt=\count133
\MPscratchDim=\dimen165
\MPnumerator=\count134
\makeMPintoPDFobject=\count135
\everyMPtoPDFconversion=\toks37
) (/usr/local/texlive/2019/texmf-dist/tex/latex/oberdiek/epstopdf-base.sty
Package: epstopdf-base 2016/05/15 v2.6 Base part for package epstopdf

(/usr/local/texlive/2019/texmf-dist/tex/latex/oberdiek/grfext.sty
Package: grfext 2016/05/16 v1.2 Manage graphics extensions (HO)
)
Package epstopdf-base Info: Redefining graphics rule for `.eps' on input line 4
38.
Package grfext Info: Graphics extension search list:
(grfext)             [.pdf,.png,.jpg,.mps,.jpeg,.jbig2,.jb2,.PDF,.PNG,.JPG,.JPE
G,.JBIG2,.JB2,.eps]
(grfext)             \AppendGraphicsExtensions on input line 456.

(/usr/local/texlive/2019/texmf-dist/tex/latex/latexconfig/epstopdf-sys.cfg
File: epstopdf-sys.cfg 2010/07/13 v1.3 Configuration of (r)epstopdf for TeX Liv
e
))
*geometry* driver: auto-detecting
*geometry* detected driver: pdftex
*geometry* verbose mode - [ preamble ] result:
* driver: pdftex
* paper: a4paper
* layout: <same size as paper>
* layoutoffset:(h,v)=(0.0pt,0.0pt)
* modes: 
* h-part:(L,W,R)=(72.26999pt, 452.9679pt, 72.26999pt)
* v-part:(T,H,B)=(72.26999pt, 700.50687pt, 72.26999pt)
* \paperwidth=597.50787pt
* \paperheight=845.04684pt
* \textwidth=452.9679pt
* \textheight=700.50687pt
* \oddsidemargin=0.0pt
* \evensidemargin=0.0pt
* \topmargin=-37.0pt
* \headheight=12.0pt
* \headsep=25.0pt
* \topskip=10.0pt
* \footskip=30.0pt
* \marginparwidth=57.0pt
* \marginparsep=11.0pt
* \columnsep=10.0pt
* \skip\footins=9.0pt plus 4.0pt minus 2.0pt
* \hoffset=0.0pt
* \voffset=0.0pt
* \mag=1000
* \@twocolumnfalse
* \@twosidefalse
* \@mparswitchfalse
* \@reversemarginfalse
* (1in=72.27pt=25.4mm, 1cm=28.453pt)

\AtBeginShipoutBox=\box49
Package hyperref Info: Link coloring OFF on input line 4.
(/usr/local/texlive/2019/texmf-dist/tex/latex/hyperref/nameref.sty
Package: nameref 2016/05/21 v2.44 Cross-referencing by name of section

(/usr/local/texlive/2019/texmf-dist/tex/generic/oberdiek/gettitlestring.sty
Package: gettitlestring 2016/05/16 v1.5 Cleanup title references (HO)
)
\c@section@level=\count136
)
LaTeX Info: Redefining \ref on input line 4.
LaTeX Info: Redefining \pageref on input line 4.
LaTeX Info: Redefining \nameref on input line 4.
\@outlinefile=\write7
\openout7 = `AnalisiDeiRequisiti.out'.


ABD: EveryShipout initializing macros (./Intro.tex
<Sezioni/images/DreamTeam.png, id=7, 3113.6325pt x 2297.58376pt>
File: Sezioni/images/DreamTeam.png Graphic file (type png)
<use Sezioni/images/DreamTeam.png>
Package pdftex.def Info: Sezioni/images/DreamTeam.png  used on input line 9.
(pdftex.def)             Requested size: 155.69073pt x 114.88591pt.
LaTeX Font Info:    External font `cmex10' loaded for size
(Font)              <7> on input line 16.
LaTeX Font Info:    External font `cmex10' loaded for size
(Font)              <5> on input line 16.
) [1

{/usr/local/texlive/2019/texmf-var/fonts/map/pdftex/updmap/pdftex.map} <./Sezio
ni/images/DreamTeam.png>] (./Sezioni/Impaginazione.tex) (./Sezioni/RegistroModi
fiche.tex
Underfull \hbox (badness 10000) in paragraph at lines 3--6

 []


Overfull \hbox (1.11884pt too wide) in alignment at lines 6--46
 [] [] [] [] [] 
 []


Overfull \hbox (1.11884pt too wide) in alignment at lines 46--49
 [] [] [] [] [] 
 []

File: Sezioni/images/DreamTeam.png Graphic file (type png)
<use Sezioni/images/DreamTeam.png>
Package pdftex.def Info: Sezioni/images/DreamTeam.png  used on input line 49.
(pdftex.def)             Requested size: 46.70247pt x 34.46227pt.

Package Fancyhdr Warning: \headheight is too small (35.0pt): 
Make it at least 38.0623pt.
We now make it that large for the rest of the document.
This may cause the page layout to be inconsistent, however.

[2])
File: Sezioni/images/DreamTeam.png Graphic file (type png)
<use Sezioni/images/DreamTeam.png>
Package pdftex.def Info: Sezioni/images/DreamTeam.png  used on input line 9.
(pdftex.def)             Requested size: 46.70247pt x 34.46227pt.
 [3]
\tf@toc=\write8
\openout8 = `AnalisiDeiRequisiti.toc'.

\tf@lof=\write9
\openout9 = `AnalisiDeiRequisiti.lof'.

\tf@lot=\write10
\openout10 = `AnalisiDeiRequisiti.lot'.

File: Sezioni/images/DreamTeam.png Graphic file (type png)
<use Sezioni/images/DreamTeam.png>
Package pdftex.def Info: Sezioni/images/DreamTeam.png  used on input line 16.
(pdftex.def)             Requested size: 46.70247pt x 34.46227pt.
 [4] (./Sezioni/Introduzione.tex
LaTeX Font Info:    Try loading font information for OMS+cmr on input line 18.

(/usr/local/texlive/2019/texmf-dist/tex/latex/base/omscmr.fd
File: omscmr.fd 2014/09/29 v2.5h Standard LaTeX font definitions
)
LaTeX Font Info:    Font shape `OMS/cmr/m/n' in size <10> not available
(Font)              Font shape `OMS/cmsy/m/n' tried instead on input line 18.
LaTeX Font Info:    Try loading font information for T1+cmtt on input line 20.

(/usr/local/texlive/2019/texmf-dist/tex/latex/base/t1cmtt.fd
File: t1cmtt.fd 2014/09/29 v2.5h Standard LaTeX font definitions
))
File: Sezioni/images/DreamTeam.png Graphic file (type png)
<use Sezioni/images/DreamTeam.png>
Package pdftex.def Info: Sezioni/images/DreamTeam.png  used on input line 20.
(pdftex.def)             Requested size: 46.70247pt x 34.46227pt.
 [5]
(./Sezioni/DescrizioneGenerale.tex
File: Sezioni/images/DreamTeam.png Graphic file (type png)
<use Sezioni/images/DreamTeam.png>
Package pdftex.def Info: Sezioni/images/DreamTeam.png  used on input line 37.
(pdftex.def)             Requested size: 46.70247pt x 34.46227pt.
 [6])
File: Sezioni/images/DreamTeam.png Graphic file (type png)
<use Sezioni/images/DreamTeam.png>
Package pdftex.def Info: Sezioni/images/DreamTeam.png  used on input line 22.
(pdftex.def)             Requested size: 46.70247pt x 34.46227pt.
 [7] (./UC/intro+attori.tex
File: Sezioni/images/DreamTeam.png Graphic file (type png)
<use Sezioni/images/DreamTeam.png>
Package pdftex.def Info: Sezioni/images/DreamTeam.png  used on input line 15.
(pdftex.def)             Requested size: 46.70247pt x 34.46227pt.
 [8])
(./UC/UCW1.tex
<UC_images/UCW1.png, id=87, 945.5325pt x 539.01375pt>
File: UC_images/UCW1.png Graphic file (type png)
<use UC_images/UCW1.png>
Package pdftex.def Info: UC_images/UCW1.png  used on input line 5.
(pdftex.def)             Requested size: 472.76509pt x 269.50621pt.

Overfull \hbox (19.7972pt too wide) in paragraph at lines 5--6
 [][] 
 []

File: Sezioni/images/DreamTeam.png Graphic file (type png)
<use Sezioni/images/DreamTeam.png>
Package pdftex.def Info: Sezioni/images/DreamTeam.png  used on input line 38.
(pdftex.def)             Requested size: 46.70247pt x 34.46227pt.
[9

 <./UC_images/UCW1.png>]) (./UC/UCW2.tex
<UC_images/UCW2.png, id=105, 753.81625pt x 372.39125pt>
File: UC_images/UCW2.png Graphic file (type png)
<use UC_images/UCW2.png>
Package pdftex.def Info: UC_images/UCW2.png  used on input line 4.
(pdftex.def)             Requested size: 376.90721pt x 186.19516pt.
) (./UC/UCW3.tex
<UC_images/UCW3.png, id=106, 743.77875pt x 221.82875pt>
File: UC_images/UCW3.png Graphic file (type png)
<use UC_images/UCW3.png>
Package pdftex.def Info: UC_images/UCW3.png  used on input line 4.
(pdftex.def)             Requested size: 371.88846pt x 110.9141pt.
File: Sezioni/images/DreamTeam.png Graphic file (type png)
<use Sezioni/images/DreamTeam.png>
Package pdftex.def Info: Sezioni/images/DreamTeam.png  used on input line 6.
(pdftex.def)             Requested size: 46.70247pt x 34.46227pt.
 [10 <./UC_images/UCW2.png>])
File: Sezioni/images/DreamTeam.png Graphic file (type png)
<use Sezioni/images/DreamTeam.png>
Package pdftex.def Info: Sezioni/images/DreamTeam.png  used on input line 27.
(pdftex.def)             Requested size: 46.70247pt x 34.46227pt.
 [11 <./UC_images/UCW3.png>] (./UC/UCW4.tex
<UC_images/UCW4.png, id=143, 377.41pt x 150.5625pt>
File: UC_images/UCW4.png Graphic file (type png)
<use UC_images/UCW4.png>
Package pdftex.def Info: UC_images/UCW4.png  used on input line 4.
(pdftex.def)             Requested size: 188.70453pt x 75.28105pt.
<UC_images/UCW4-1.png, id=144, 810.02625pt x 563.10374pt>
File: UC_images/UCW4-1.png Graphic file (type png)
<use UC_images/UCW4-1.png>
Package pdftex.def Info: UC_images/UCW4-1.png  used on input line 28.
(pdftex.def)             Requested size: 405.01213pt x 281.55118pt.
File: Sezioni/images/DreamTeam.png Graphic file (type png)
<use Sezioni/images/DreamTeam.png>
Package pdftex.def Info: Sezioni/images/DreamTeam.png  used on input line 34.
(pdftex.def)             Requested size: 46.70247pt x 34.46227pt.
 [12 <./UC_images/UCW4.png> <./UC_images/UCW4-1.png>])
File: Sezioni/images/DreamTeam.png Graphic file (type png)
<use Sezioni/images/DreamTeam.png>
Package pdftex.def Info: Sezioni/images/DreamTeam.png  used on input line 28.
(pdftex.def)             Requested size: 46.70247pt x 34.46227pt.
 [13] (./UC/UCW5.tex
<UC_images/UCW5.png, id=178, 788.9475pt x 553.06625pt>
File: UC_images/UCW5.png Graphic file (type png)
<use UC_images/UCW5.png>
Package pdftex.def Info: UC_images/UCW5.png  used on input line 4.
(pdftex.def)             Requested size: 394.47278pt x 276.53244pt.
) (./UC/UCW6.tex
<UC_images/UCW6.png, id=179, 859.21pt x 553.06625pt>
File: UC_images/UCW6.png Graphic file (type png)
<use UC_images/UCW6.png>
Package pdftex.def Info: UC_images/UCW6.png  used on input line 4.
(pdftex.def)             Requested size: 429.60396pt x 276.53244pt.
File: Sezioni/images/DreamTeam.png Graphic file (type png)
<use Sezioni/images/DreamTeam.png>
Package pdftex.def Info: Sezioni/images/DreamTeam.png  used on input line 6.
(pdftex.def)             Requested size: 46.70247pt x 34.46227pt.
 [14 <./UC_images/UCW5.png>])
File: Sezioni/images/DreamTeam.png Graphic file (type png)
<use Sezioni/images/DreamTeam.png>
Package pdftex.def Info: Sezioni/images/DreamTeam.png  used on input line 30.
(pdftex.def)             Requested size: 46.70247pt x 34.46227pt.
 [15 <./UC_images/UCW6.png>] (./UC/UCW7.tex
<UC_images/UCW7.png, id=214, 468.75125pt x 358.33875pt>
File: UC_images/UCW7.png Graphic file (type png)
<use UC_images/UCW7.png>
Package pdftex.def Info: UC_images/UCW7.png  used on input line 4.
(pdftex.def)             Requested size: 234.37505pt x 179.16893pt.
) (./UC/UCW8.tex
<UC_images/UCW8.png, id=215, 669.50125pt x 373.395pt>
File: UC_images/UCW8.png Graphic file (type png)
<use UC_images/UCW8.png>
Package pdftex.def Info: UC_images/UCW8.png  used on input line 4.
(pdftex.def)             Requested size: 334.7498pt x 186.69704pt.
File: Sezioni/images/DreamTeam.png Graphic file (type png)
<use Sezioni/images/DreamTeam.png>
Package pdftex.def Info: Sezioni/images/DreamTeam.png  used on input line 11.
(pdftex.def)             Requested size: 46.70247pt x 34.46227pt.

[16 <./UC_images/UCW7.png> <./UC_images/UCW8.png>]
<UC_images/UCW8-.png, id=228, 458.71375pt x 452.69125pt>
File: UC_images/UCW8-.png Graphic file (type png)
<use UC_images/UCW8-.png>
Package pdftex.def Info: UC_images/UCW8-.png  used on input line 40.
(pdftex.def)             Requested size: 229.35631pt x 226.34506pt.
File: Sezioni/images/DreamTeam.png Graphic file (type png)
<use Sezioni/images/DreamTeam.png>
Package pdftex.def Info: Sezioni/images/DreamTeam.png  used on input line 53.
(pdftex.def)             Requested size: 46.70247pt x 34.46227pt.
 [17 <./UC_images/UCW8-.png>]
File: Sezioni/images/DreamTeam.png Graphic file (type png)
<use Sezioni/images/DreamTeam.png>
Package pdftex.def Info: Sezioni/images/DreamTeam.png  used on input line 107.
(pdftex.def)             Requested size: 46.70247pt x 34.46227pt.
[18]) (./UC/UCW9.tex
<UC_images/UCW9.png, id=264, 448.67625pt x 358.33875pt>
File: UC_images/UCW9.png Graphic file (type png)
<use UC_images/UCW9.png>
Package pdftex.def Info: UC_images/UCW9.png  used on input line 4.
(pdftex.def)             Requested size: 224.33757pt x 179.16893pt.
<UC_images/UCW9-.png, id=265, 528.97626pt x 343.2825pt>
File: UC_images/UCW9-.png Graphic file (type png)
<use UC_images/UCW9-.png>
Package pdftex.def Info: UC_images/UCW9-.png  used on input line 29.
(pdftex.def)             Requested size: 264.48747pt x 171.64082pt.


LaTeX Warning: `!h' float specifier changed to `!ht'.

File: Sezioni/images/DreamTeam.png Graphic file (type png)
<use Sezioni/images/DreamTeam.png>
Package pdftex.def Info: Sezioni/images/DreamTeam.png  used on input line 38.
(pdftex.def)             Requested size: 46.70247pt x 34.46227pt.
[19 <./UC_images/UCW9.png>])
File: Sezioni/images/DreamTeam.png Graphic file (type png)
<use Sezioni/images/DreamTeam.png>
Package pdftex.def Info: Sezioni/images/DreamTeam.png  used on input line 33.
(pdftex.def)             Requested size: 46.70247pt x 34.46227pt.
 [20 <./UC_images/UCW9-.png>] (./UC/UCW10-11.tex
<UC_images/UCW10.png, id=295, 561.09625pt x 322.20375pt>
File: UC_images/UCW10.png Graphic file (type png)
<use UC_images/UCW10.png>
Package pdftex.def Info: UC_images/UCW10.png  used on input line 4.
(pdftex.def)             Requested size: 280.54744pt x 161.10147pt.
<UC_images/UCW11.png, id=296, 429.605pt x 137.51375pt>
File: UC_images/UCW11.png Graphic file (type png)
<use UC_images/UCW11.png>
Package pdftex.def Info: UC_images/UCW11.png  used on input line 34.
(pdftex.def)             Requested size: 214.80197pt x 68.7567pt.
File: Sezioni/images/DreamTeam.png Graphic file (type png)
<use Sezioni/images/DreamTeam.png>
Package pdftex.def Info: Sezioni/images/DreamTeam.png  used on input line 44.
(pdftex.def)             Requested size: 46.70247pt x 34.46227pt.

[21 <./UC_images/UCW10.png> <./UC_images/UCW11.png>]
<UC_images/UCW11-.png, id=314, 477.785pt x 522.95375pt>
File: UC_images/UCW11-.png Graphic file (type png)
<use UC_images/UCW11-.png>
Package pdftex.def Info: UC_images/UCW11-.png  used on input line 50.
(pdftex.def)             Requested size: 238.8919pt x 261.47623pt.
<UC_images/UCW11-1.png, id=315, 477.785pt x 673.51625pt>
File: UC_images/UCW11-1.png Graphic file (type png)
<use UC_images/UCW11-1.png>
Package pdftex.def Info: UC_images/UCW11-1.png  used on input line 77.
(pdftex.def)             Requested size: 238.8919pt x 336.7573pt.


LaTeX Warning: `!h' float specifier changed to `!ht'.

File: Sezioni/images/DreamTeam.png Graphic file (type png)
<use Sezioni/images/DreamTeam.png>
Package pdftex.def Info: Sezioni/images/DreamTeam.png  used on input line 83.
(pdftex.def)             Requested size: 46.70247pt x 34.46227pt.
[22 <./UC_images/UCW11-.png>]
File: Sezioni/images/DreamTeam.png Graphic file (type png)
<use Sezioni/images/DreamTeam.png>
Package pdftex.def Info: Sezioni/images/DreamTeam.png  used on input line 105.
(pdftex.def)             Requested size: 46.70247pt x 34.46227pt.
 [23 <./UC_images/UCW11-1.png>]
File: Sezioni/images/DreamTeam.png Graphic file (type png)
<use Sezioni/images/DreamTeam.png>
Package pdftex.def Info: Sezioni/images/DreamTeam.png  used on input line 160.
(pdftex.def)             Requested size: 46.70247pt x 34.46227pt.
 [24]
File: Sezioni/images/DreamTeam.png Graphic file (type png)
<use Sezioni/images/DreamTeam.png>
Package pdftex.def Info: Sezioni/images/DreamTeam.png  used on input line 216.
(pdftex.def)             Requested size: 46.70247pt x 34.46227pt.
 [25])
(./UC/UCW12-13.tex
<UC_images/UCW12.png, id=393, 466.74374pt x 151.56625pt>
File: UC_images/UCW12.png Graphic file (type png)
<use UC_images/UCW12.png>
Package pdftex.def Info: UC_images/UCW12.png  used on input line 4.
(pdftex.def)             Requested size: 233.37129pt x 75.78293pt.
<UC_images/UCW13.png, id=394, 426.59375pt x 152.57pt>
File: UC_images/UCW13.png Graphic file (type png)
<use UC_images/UCW13.png>
Package pdftex.def Info: UC_images/UCW13.png  used on input line 18.
(pdftex.def)             Requested size: 213.29634pt x 76.2848pt.
File: Sezioni/images/DreamTeam.png Graphic file (type png)
<use Sezioni/images/DreamTeam.png>
Package pdftex.def Info: Sezioni/images/DreamTeam.png  used on input line 29.
(pdftex.def)             Requested size: 46.70247pt x 34.46227pt.
 [26 <./UC_images/UCW12.png> <./UC_images/UCW13.png>])
File: Sezioni/images/DreamTeam.png Graphic file (type png)
<use Sezioni/images/DreamTeam.png>
Package pdftex.def Info: Sezioni/images/DreamTeam.png  used on input line 35.
(pdftex.def)             Requested size: 46.70247pt x 34.46227pt.

[27] (./UC/UCE1-2-3-4.tex
File: Sezioni/images/DreamTeam.png Graphic file (type png)
<use Sezioni/images/DreamTeam.png>
Package pdftex.def Info: Sezioni/images/DreamTeam.png  used on input line 53.
(pdftex.def)             Requested size: 46.70247pt x 34.46227pt.
 [28]) (./UC/UCE5-6-7.tex
File: Sezioni/images/DreamTeam.png Graphic file (type png)
<use Sezioni/images/DreamTeam.png>
Package pdftex.def Info: Sezioni/images/DreamTeam.png  used on input line 36.
(pdftex.def)             Requested size: 46.70247pt x 34.46227pt.
 [29]) (./UC/UCE8-9.tex)
(./UC/UCE10-11-12.tex
File: Sezioni/images/DreamTeam.png Graphic file (type png)
<use Sezioni/images/DreamTeam.png>
Package pdftex.def Info: Sezioni/images/DreamTeam.png  used on input line 6.
(pdftex.def)             Requested size: 46.70247pt x 34.46227pt.
 [30]) (./UC/UCE13.tex
File: Sezioni/images/DreamTeam.png Graphic file (type png)
<use Sezioni/images/DreamTeam.png>
Package pdftex.def Info: Sezioni/images/DreamTeam.png  used on input line 10.
(pdftex.def)             Requested size: 46.70247pt x 34.46227pt.
 [31]) (./UC/UCE14.tex)
(./UC/UCE15.tex)
File: Sezioni/images/DreamTeam.png Graphic file (type png)
<use Sezioni/images/DreamTeam.png>
Package pdftex.def Info: Sezioni/images/DreamTeam.png  used on input line 45.
(pdftex.def)             Requested size: 46.70247pt x 34.46227pt.
 [32] (./Requisiti/Requisiti.tex) (./Requisiti/Funzionali.tex
Overfull \hbox (2.70042pt too wide) in alignment at lines 7--48
 [] [] [] [] 
 []


Overfull \hbox (2.70042pt too wide) in alignment at lines 48--88
 [] [] [] [] 
 []

File: Sezioni/images/DreamTeam.png Graphic file (type png)
<use Sezioni/images/DreamTeam.png>
Package pdftex.def Info: Sezioni/images/DreamTeam.png  used on input line 88.
(pdftex.def)             Requested size: 46.70247pt x 34.46227pt.
[33]
File: Sezioni/images/DreamTeam.png Graphic file (type png)
<use Sezioni/images/DreamTeam.png>
Package pdftex.def Info: Sezioni/images/DreamTeam.png  used on input line 88.
(pdftex.def)             Requested size: 46.70247pt x 34.46227pt.
 [34]
File: Sezioni/images/DreamTeam.png Graphic file (type png)
<use Sezioni/images/DreamTeam.png>
Package pdftex.def Info: Sezioni/images/DreamTeam.png  used on input line 90.
(pdftex.def)             Requested size: 46.70247pt x 34.46227pt.
 [35]) (./Requisiti/Qualita.tex
Overfull \hbox (2.70042pt too wide) in alignment at lines 7--24
 [] [] [] [] 
 []

File: Sezioni/images/DreamTeam.png Graphic file (type png)
<use Sezioni/images/DreamTeam.png>
Package pdftex.def Info: Sezioni/images/DreamTeam.png  used on input line 26.
(pdftex.def)             Requested size: 46.70247pt x 34.46227pt.
[36

]) (./Requisiti/Vincolo.tex
Overfull \hbox (2.70042pt too wide) in alignment at lines 7--42
 [] [] [] [] 
 []

)
File: Sezioni/images/DreamTeam.png Graphic file (type png)
<use Sezioni/images/DreamTeam.png>
Package pdftex.def Info: Sezioni/images/DreamTeam.png  used on input line 49.
(pdftex.def)             Requested size: 46.70247pt x 34.46227pt.
 [37

] (./Requisiti/Prestazionali.tex) (./Requisiti/Tracciamento.tex
Overfull \hbox (1.3502pt too wide) in paragraph at lines 10--25
[][] 
 []

File: Sezioni/images/DreamTeam.png Graphic file (type png)
<use Sezioni/images/DreamTeam.png>
Package pdftex.def Info: Sezioni/images/DreamTeam.png  used on input line 29.
(pdftex.def)             Requested size: 46.70247pt x 34.46227pt.
[38]
Overfull \hbox (4.92209pt too wide) in paragraph at lines 34--123
[][] [] 
 []

File: Sezioni/images/DreamTeam.png Graphic file (type png)
<use Sezioni/images/DreamTeam.png>
Package pdftex.def Info: Sezioni/images/DreamTeam.png  used on input line 127.
(pdftex.def)             Requested size: 46.70247pt x 34.46227pt.
[39]
Overfull \hbox (3.38586pt too wide) in paragraph at lines 274--282
[][] 
 []

)
File: Sezioni/images/DreamTeam.png Graphic file (type png)
<use Sezioni/images/DreamTeam.png>
Package pdftex.def Info: Sezioni/images/DreamTeam.png  used on input line 53.
(pdftex.def)             Requested size: 46.70247pt x 34.46227pt.
 [40] (./Sezioni/limitiSocial.tex)
File: Sezioni/images/DreamTeam.png Graphic file (type png)
<use Sezioni/images/DreamTeam.png>
Package pdftex.def Info: Sezioni/images/DreamTeam.png  used on input line 55.
(pdftex.def)             Requested size: 46.70247pt x 34.46227pt.
 [41]
Package atveryend Info: Empty hook `BeforeClearDocument' on input line 55.
Package atveryend Info: Empty hook `AfterLastShipout' on input line 55.
 (./AnalisiDeiRequisiti.aux)
Package atveryend Info: Executing hook `AtVeryEndDocument' on input line 55.
Package atveryend Info: Executing hook `AtEndAfterFileList' on input line 55.


Package rerunfilecheck Warning: File `AnalisiDeiRequisiti.out' has changed.
(rerunfilecheck)                Rerun to get outlines right
(rerunfilecheck)                or use package `bookmark'.

Package rerunfilecheck Info: Checksums for `AnalisiDeiRequisiti.out':
(rerunfilecheck)             Before: <no file>
(rerunfilecheck)             After:  26BE2201BE468AE644413A7A3258C6EC;7709.
 ) 
Here is how much of TeX's memory you used:
 17027 strings out of 492616
 311085 string characters out of 6129482
 421651 words of memory out of 5000000
 20201 multiletter control sequences out of 15000+600000
 14720 words of font info for 29 fonts, out of 8000000 for 9000
 1141 hyphenation exceptions out of 8191
 56i,16n,73p,905b,522s stack positions out of 5000i,500n,10000p,200000b,80000s
{/usr/local/texlive/2019/texmf-dist/fonts/enc/dvips/cm-super/cm-super-t1.enc}
</usr/local/texlive/2019/texmf-dist/fonts/type1/public/amsfonts/cm/cmsy10.pfb><
/usr/local/texlive/2019/texmf-dist/fonts/type1/public/cm-super/sfbx0700.pfb></u
sr/local/texlive/2019/texmf-dist/fonts/type1/public/cm-super/sfbx1000.pfb></usr
/local/texlive/2019/texmf-dist/fonts/type1/public/cm-super/sfbx1200.pfb></usr/l
ocal/texlive/2019/texmf-dist/fonts/type1/public/cm-super/sfbx1440.pfb></usr/loc
al/texlive/2019/texmf-dist/fonts/type1/public/cm-super/sfbx1728.pfb></usr/local
/texlive/2019/texmf-dist/fonts/type1/public/cm-super/sfbx2488.pfb></usr/local/t
exlive/2019/texmf-dist/fonts/type1/public/cm-super/sfrm0700.pfb></usr/local/tex
live/2019/texmf-dist/fonts/type1/public/cm-super/sfrm1000.pfb></usr/local/texli
ve/2019/texmf-dist/fonts/type1/public/cm-super/sfsl1000.pfb></usr/local/texlive
/2019/texmf-dist/fonts/type1/public/cm-super/sfti1000.pfb></usr/local/texlive/2
019/texmf-dist/fonts/type1/public/cm-super/sftt1000.pfb>
Output written on AnalisiDeiRequisiti.pdf (41 pages, 1200816 bytes).
PDF statistics:
 672 PDF objects out of 1000 (max. 8388607)
 573 compressed objects within 6 object streams
 359 named destinations out of 1000 (max. 500000)
 108 words of extra memory for PDF output out of 10000 (max. 10000000)

